This is pdfTeX, Version 3.141592653-2.6-1.40.23 (MiKTeX 21.10) (preloaded format=pdflatex 2021.11.21)  7 DEC 2021 19:02
entering extended mode
**"c:/Users/loryb/Desktop/AutIng/Secondo Anno/CNS/CNS-Latex/main.tex"
(c:/Users/loryb/Desktop/AutIng/Secondo Anno/CNS/CNS-Latex/main.tex
LaTeX2e <2021-11-15>
L3 programming layer <2021-11-12> (C:\Program Files\MiKTeX\tex/latex/base\article.cls
Document Class: article 2021/10/04 v1.4n Standard LaTeX document class
(C:\Program Files\MiKTeX\tex/latex/base\size10.clo
File: size10.clo 2021/10/04 v1.4n Standard LaTeX file (size option)
)
\c@part=\count183
\c@section=\count184
\c@subsection=\count185
\c@subsubsection=\count186
\c@paragraph=\count187
\c@subparagraph=\count188
\c@figure=\count189
\c@table=\count190
\abovecaptionskip=\skip47
\belowcaptionskip=\skip48
\bibindent=\dimen138
) (C:\Program Files\MiKTeX\tex/latex/base\inputenc.sty
Package: inputenc 2021/02/14 v1.3d Input encoding file
\inpenc@prehook=\toks16
\inpenc@posthook=\toks17
) (C:\Program Files\MiKTeX\tex/latex/amsfonts\amssymb.sty
Package: amssymb 2013/01/14 v3.01 AMS font symbols
 (C:\Program Files\MiKTeX\tex/latex/amsfonts\amsfonts.sty
Package: amsfonts 2013/01/14 v3.01 Basic AMSFonts support
\@emptytoks=\toks18
\symAMSa=\mathgroup4
\symAMSb=\mathgroup5
LaTeX Font Info:    Redeclaring math symbol \hbar on input line 98.
LaTeX Font Info:    Overwriting math alphabet `\mathfrak' in version `bold'
(Font)                  U/euf/m/n --> U/euf/b/n on input line 106.
)) (C:\Program Files\MiKTeX\tex/generic/babel\babel.sty
Package: babel 2021/11/08 3.66 The Babel package
\babel@savecnt=\count191
\U@D=\dimen139
\l@unhyphenated=\language79
 (C:\Program Files\MiKTeX\tex/generic/babel\txtbabel.def)
\bbl@readstream=\read2
\bbl@dirlevel=\count192

*************************************
* Local config file bblopts.cfg used
*
(C:\Program Files\MiKTeX\tex/latex/arabi\bblopts.cfg
File: bblopts.cfg 2005/09/08 v0.1 add Arabic and Farsi to "declared" options of babel
) (C:\Program Files\MiKTeX\tex/latex/babel-english\english.ldf
Language: english 2017/06/06 v3.3r English support from the babel system
Package babel Info: Hyphen rules for 'canadian' set to \l@english
(babel)             (\language0). Reported on input line 102.
Package babel Info: Hyphen rules for 'australian' set to \l@ukenglish
(babel)             (\language73). Reported on input line 105.
Package babel Info: Hyphen rules for 'newzealand' set to \l@ukenglish
(babel)             (\language73). Reported on input line 108.
)) (C:\Program Files\MiKTeX\tex/latex/graphics\graphicx.sty
Package: graphicx 2021/09/16 v1.2d Enhanced LaTeX Graphics (DPC,SPQR)
 (C:\Program Files\MiKTeX\tex/latex/graphics\keyval.sty
Package: keyval 2014/10/28 v1.15 key=value parser (DPC)
\KV@toks@=\toks19
) (C:\Program Files\MiKTeX\tex/latex/graphics\graphics.sty
Package: graphics 2021/03/04 v1.4d Standard LaTeX Graphics (DPC,SPQR)
 (C:\Program Files\MiKTeX\tex/latex/graphics\trig.sty
Package: trig 2021/08/11 v1.11 sin cos tan (DPC)
) (C:\Program Files\MiKTeX\tex/latex/graphics-cfg\graphics.cfg
File: graphics.cfg 2016/06/04 v1.11 sample graphics configuration
)
Package graphics Info: Driver file: pdftex.def on input line 107.
 (C:\Program Files\MiKTeX\tex/latex/graphics-def\pdftex.def
File: pdftex.def 2020/10/05 v1.2a Graphics/color driver for pdftex
))
\Gin@req@height=\dimen140
\Gin@req@width=\dimen141
) (C:\Program Files\MiKTeX\tex/latex/wrapfig\wrapfig.sty
\wrapoverhang=\dimen142
\WF@size=\dimen143
\c@WF@wrappedlines=\count193
\WF@box=\box50
\WF@everypar=\toks20
Package: wrapfig 2003/01/31  v 3.6
) (C:\Program Files\MiKTeX\tex/latex/algorithms\algorithm.sty
Package: algorithm 2009/08/24 v0.1 Document Style `algorithm' - floating environment
 (C:\Program Files\MiKTeX\tex/latex/float\float.sty
Package: float 2001/11/08 v1.3d Float enhancements (AL)
\c@float@type=\count194
\float@exts=\toks21
\float@box=\box51
\@float@everytoks=\toks22
\@floatcapt=\box52
) (C:\Program Files\MiKTeX\tex/latex/base\ifthen.sty
Package: ifthen 2020/11/24 v1.1c Standard LaTeX ifthen package (DPC)
)
\@float@every@algorithm=\toks23
\c@algorithm=\count195
) (C:\Program Files\MiKTeX\tex/latex/algorithmicx\algpseudocode.sty
Package: algpseudocode 
 (C:\Program Files\MiKTeX\tex/latex/algorithmicx\algorithmicx.sty
Package: algorithmicx 2005/04/27 v1.2 Algorithmicx

Document Style algorithmicx 1.2 - a greatly improved `algorithmic' style
\c@ALG@line=\count196
\c@ALG@rem=\count197
\c@ALG@nested=\count198
\ALG@tlm=\skip49
\ALG@thistlm=\skip50
\c@ALG@Lnr=\count199
\c@ALG@blocknr=\count266
\c@ALG@storecount=\count267
\c@ALG@tmpcounter=\count268
\ALG@tmplength=\skip51
)
Document Style - pseudocode environments for use with the `algorithmicx' style
) (C:\Program Files\MiKTeX\tex/latex/amscls\amsthm.sty
Package: amsthm 2020/05/29 v2.20.6
\thm@style=\toks24
\thm@bodyfont=\toks25
\thm@headfont=\toks26
\thm@notefont=\toks27
\thm@headpunct=\toks28
\thm@preskip=\skip52
\thm@postskip=\skip53
\thm@headsep=\skip54
\dth@everypar=\toks29
)
\c@definition=\count269
\c@theorem=\count270
\c@corollary=\count271
 (C:\Program Files\MiKTeX\tex/latex/amsmath\amsmath.sty
Package: amsmath 2021/10/15 v2.17l AMS math features
\@mathmargin=\skip55

For additional information on amsmath, use the `?' option.
(C:\Program Files\MiKTeX\tex/latex/amsmath\amstext.sty
Package: amstext 2021/08/26 v2.01 AMS text
 (C:\Program Files\MiKTeX\tex/latex/amsmath\amsgen.sty
File: amsgen.sty 1999/11/30 v2.0 generic functions
\@emptytoks=\toks30
\ex@=\dimen144
)) (C:\Program Files\MiKTeX\tex/latex/amsmath\amsbsy.sty
Package: amsbsy 1999/11/29 v1.2d Bold Symbols
\pmbraise@=\dimen145
) (C:\Program Files\MiKTeX\tex/latex/amsmath\amsopn.sty
Package: amsopn 2021/08/26 v2.02 operator names
)
\inf@bad=\count272
LaTeX Info: Redefining \frac on input line 234.
\uproot@=\count273
\leftroot@=\count274
LaTeX Info: Redefining \overline on input line 399.
\classnum@=\count275
\DOTSCASE@=\count276
LaTeX Info: Redefining \ldots on input line 496.
LaTeX Info: Redefining \dots on input line 499.
LaTeX Info: Redefining \cdots on input line 620.
\Mathstrutbox@=\box53
\strutbox@=\box54
\big@size=\dimen146
LaTeX Font Info:    Redeclaring font encoding OML on input line 743.
LaTeX Font Info:    Redeclaring font encoding OMS on input line 744.
\macc@depth=\count277
\c@MaxMatrixCols=\count278
\dotsspace@=\muskip16
\c@parentequation=\count279
\dspbrk@lvl=\count280
\tag@help=\toks31
\row@=\count281
\column@=\count282
\maxfields@=\count283
\andhelp@=\toks32
\eqnshift@=\dimen147
\alignsep@=\dimen148
\tagshift@=\dimen149
\tagwidth@=\dimen150
\totwidth@=\dimen151
\lineht@=\dimen152
\@envbody=\toks33
\multlinegap=\skip56
\multlinetaggap=\skip57
\mathdisplay@stack=\toks34
LaTeX Info: Redefining \[ on input line 2938.
LaTeX Info: Redefining \] on input line 2939.
) (C:\Program Files\MiKTeX\tex/latex/pgf/frontendlayer\tikz.sty (C:\Program Files\MiKTeX\tex/latex/pgf/basiclayer\pgf.sty (C:\Program Files\MiKTeX\tex/latex/pgf/utilities\pgfrcs.sty (C:\Program Files\MiKTeX\tex/generic/pgf/utilities\pgfutil-common.tex
\pgfutil@everybye=\toks35
\pgfutil@tempdima=\dimen153
\pgfutil@tempdimb=\dimen154
 (C:\Program Files\MiKTeX\tex/generic/pgf/utilities\pgfutil-common-lists.tex)) (C:\Program Files\MiKTeX\tex/generic/pgf/utilities\pgfutil-latex.def
\pgfutil@abb=\box55
) (C:\Program Files\MiKTeX\tex/generic/pgf/utilities\pgfrcs.code.tex (C:\Program Files\MiKTeX\tex/generic/pgf\pgf.revision.tex)
Package: pgfrcs 2021/05/15 v3.1.9a (3.1.9a)
))
Package: pgf 2021/05/15 v3.1.9a (3.1.9a)
 (C:\Program Files\MiKTeX\tex/latex/pgf/basiclayer\pgfcore.sty (C:\Program Files\MiKTeX\tex/latex/pgf/systemlayer\pgfsys.sty (C:\Program Files\MiKTeX\tex/generic/pgf/systemlayer\pgfsys.code.tex
Package: pgfsys 2021/05/15 v3.1.9a (3.1.9a)
 (C:\Program Files\MiKTeX\tex/generic/pgf/utilities\pgfkeys.code.tex
\pgfkeys@pathtoks=\toks36
\pgfkeys@temptoks=\toks37
 (C:\Program Files\MiKTeX\tex/generic/pgf/utilities\pgfkeysfiltered.code.tex
\pgfkeys@tmptoks=\toks38
))
\pgf@x=\dimen155
\pgf@y=\dimen156
\pgf@xa=\dimen157
\pgf@ya=\dimen158
\pgf@xb=\dimen159
\pgf@yb=\dimen160
\pgf@xc=\dimen161
\pgf@yc=\dimen162
\pgf@xd=\dimen163
\pgf@yd=\dimen164
\w@pgf@writea=\write3
\r@pgf@reada=\read3
\c@pgf@counta=\count284
\c@pgf@countb=\count285
\c@pgf@countc=\count286
\c@pgf@countd=\count287
\t@pgf@toka=\toks39
\t@pgf@tokb=\toks40
\t@pgf@tokc=\toks41
\pgf@sys@id@count=\count288
 (C:\Program Files\MiKTeX\tex/generic/pgf/systemlayer\pgf.cfg
File: pgf.cfg 2021/05/15 v3.1.9a (3.1.9a)
)
Driver file for pgf: pgfsys-pdftex.def
 (C:\Program Files\MiKTeX\tex/generic/pgf/systemlayer\pgfsys-pdftex.def
File: pgfsys-pdftex.def 2021/05/15 v3.1.9a (3.1.9a)
 (C:\Program Files\MiKTeX\tex/generic/pgf/systemlayer\pgfsys-common-pdf.def
File: pgfsys-common-pdf.def 2021/05/15 v3.1.9a (3.1.9a)
))) (C:\Program Files\MiKTeX\tex/generic/pgf/systemlayer\pgfsyssoftpath.code.tex
File: pgfsyssoftpath.code.tex 2021/05/15 v3.1.9a (3.1.9a)
\pgfsyssoftpath@smallbuffer@items=\count289
\pgfsyssoftpath@bigbuffer@items=\count290
) (C:\Program Files\MiKTeX\tex/generic/pgf/systemlayer\pgfsysprotocol.code.tex
File: pgfsysprotocol.code.tex 2021/05/15 v3.1.9a (3.1.9a)
)) (C:\Program Files\MiKTeX\tex/latex/xcolor\xcolor.sty
Package: xcolor 2021/10/31 v2.13 LaTeX color extensions (UK)
 (C:\Program Files\MiKTeX\tex/latex/graphics-cfg\color.cfg
File: color.cfg 2016/01/02 v1.6 sample color configuration
)
Package xcolor Info: Driver file: pdftex.def on input line 227.
Package xcolor Info: Model `cmy' substituted by `cmy0' on input line 1352.
Package xcolor Info: Model `hsb' substituted by `rgb' on input line 1356.
Package xcolor Info: Model `RGB' extended on input line 1368.
Package xcolor Info: Model `HTML' substituted by `rgb' on input line 1370.
Package xcolor Info: Model `Hsb' substituted by `hsb' on input line 1371.
Package xcolor Info: Model `tHsb' substituted by `hsb' on input line 1372.
Package xcolor Info: Model `HSB' substituted by `hsb' on input line 1373.
Package xcolor Info: Model `Gray' substituted by `gray' on input line 1374.
Package xcolor Info: Model `wave' substituted by `hsb' on input line 1375.
) (C:\Program Files\MiKTeX\tex/generic/pgf/basiclayer\pgfcore.code.tex
Package: pgfcore 2021/05/15 v3.1.9a (3.1.9a)
 (C:\Program Files\MiKTeX\tex/generic/pgf/math\pgfmath.code.tex (C:\Program Files\MiKTeX\tex/generic/pgf/math\pgfmathcalc.code.tex (C:\Program Files\MiKTeX\tex/generic/pgf/math\pgfmathutil.code.tex) (C:\Program Files\MiKTeX\tex/generic/pgf/math\pgfmathparser.code.tex
\pgfmath@dimen=\dimen165
\pgfmath@count=\count291
\pgfmath@box=\box56
\pgfmath@toks=\toks42
\pgfmath@stack@operand=\toks43
\pgfmath@stack@operation=\toks44
) (C:\Program Files\MiKTeX\tex/generic/pgf/math\pgfmathfunctions.code.tex (C:\Program Files\MiKTeX\tex/generic/pgf/math\pgfmathfunctions.basic.code.tex) (C:\Program Files\MiKTeX\tex/generic/pgf/math\pgfmathfunctions.trigonometric.code.tex) (C:\Program Files\MiKTeX\tex/generic/pgf/math\pgfmathfunctions.random.code.tex) (C:\Program Files\MiKTeX\tex/generic/pgf/math\pgfmathfunctions.comparison.code.tex) (C:\Program Files\MiKTeX\tex/generic/pgf/math\pgfmathfunctions.base.code.tex) (C:\Program Files\MiKTeX\tex/generic/pgf/math\pgfmathfunctions.round.code.tex) (C:\Program Files\MiKTeX\tex/generic/pgf/math\pgfmathfunctions.misc.code.tex) (C:\Program Files\MiKTeX\tex/generic/pgf/math\pgfmathfunctions.integerarithmetics.code.tex))) (C:\Program Files\MiKTeX\tex/generic/pgf/math\pgfmathfloat.code.tex
\c@pgfmathroundto@lastzeros=\count292
)) (C:\Program Files\MiKTeX\tex/generic/pgf/math\pgfint.code.tex) (C:\Program Files\MiKTeX\tex/generic/pgf/basiclayer\pgfcorepoints.code.tex
File: pgfcorepoints.code.tex 2021/05/15 v3.1.9a (3.1.9a)
\pgf@picminx=\dimen166
\pgf@picmaxx=\dimen167
\pgf@picminy=\dimen168
\pgf@picmaxy=\dimen169
\pgf@pathminx=\dimen170
\pgf@pathmaxx=\dimen171
\pgf@pathminy=\dimen172
\pgf@pathmaxy=\dimen173
\pgf@xx=\dimen174
\pgf@xy=\dimen175
\pgf@yx=\dimen176
\pgf@yy=\dimen177
\pgf@zx=\dimen178
\pgf@zy=\dimen179
) (C:\Program Files\MiKTeX\tex/generic/pgf/basiclayer\pgfcorepathconstruct.code.tex
File: pgfcorepathconstruct.code.tex 2021/05/15 v3.1.9a (3.1.9a)
\pgf@path@lastx=\dimen180
\pgf@path@lasty=\dimen181
) (C:\Program Files\MiKTeX\tex/generic/pgf/basiclayer\pgfcorepathusage.code.tex
File: pgfcorepathusage.code.tex 2021/05/15 v3.1.9a (3.1.9a)
\pgf@shorten@end@additional=\dimen182
\pgf@shorten@start@additional=\dimen183
) (C:\Program Files\MiKTeX\tex/generic/pgf/basiclayer\pgfcorescopes.code.tex
File: pgfcorescopes.code.tex 2021/05/15 v3.1.9a (3.1.9a)
\pgfpic=\box57
\pgf@hbox=\box58
\pgf@layerbox@main=\box59
\pgf@picture@serial@count=\count293
) (C:\Program Files\MiKTeX\tex/generic/pgf/basiclayer\pgfcoregraphicstate.code.tex
File: pgfcoregraphicstate.code.tex 2021/05/15 v3.1.9a (3.1.9a)
\pgflinewidth=\dimen184
) (C:\Program Files\MiKTeX\tex/generic/pgf/basiclayer\pgfcoretransformations.code.tex
File: pgfcoretransformations.code.tex 2021/05/15 v3.1.9a (3.1.9a)
\pgf@pt@x=\dimen185
\pgf@pt@y=\dimen186
\pgf@pt@temp=\dimen187
) (C:\Program Files\MiKTeX\tex/generic/pgf/basiclayer\pgfcorequick.code.tex
File: pgfcorequick.code.tex 2021/05/15 v3.1.9a (3.1.9a)
) (C:\Program Files\MiKTeX\tex/generic/pgf/basiclayer\pgfcoreobjects.code.tex
File: pgfcoreobjects.code.tex 2021/05/15 v3.1.9a (3.1.9a)
) (C:\Program Files\MiKTeX\tex/generic/pgf/basiclayer\pgfcorepathprocessing.code.tex
File: pgfcorepathprocessing.code.tex 2021/05/15 v3.1.9a (3.1.9a)
) (C:\Program Files\MiKTeX\tex/generic/pgf/basiclayer\pgfcorearrows.code.tex
File: pgfcorearrows.code.tex 2021/05/15 v3.1.9a (3.1.9a)
\pgfarrowsep=\dimen188
) (C:\Program Files\MiKTeX\tex/generic/pgf/basiclayer\pgfcoreshade.code.tex
File: pgfcoreshade.code.tex 2021/05/15 v3.1.9a (3.1.9a)
\pgf@max=\dimen189
\pgf@sys@shading@range@num=\count294
\pgf@shadingcount=\count295
) (C:\Program Files\MiKTeX\tex/generic/pgf/basiclayer\pgfcoreimage.code.tex
File: pgfcoreimage.code.tex 2021/05/15 v3.1.9a (3.1.9a)
 (C:\Program Files\MiKTeX\tex/generic/pgf/basiclayer\pgfcoreexternal.code.tex
File: pgfcoreexternal.code.tex 2021/05/15 v3.1.9a (3.1.9a)
\pgfexternal@startupbox=\box60
)) (C:\Program Files\MiKTeX\tex/generic/pgf/basiclayer\pgfcorelayers.code.tex
File: pgfcorelayers.code.tex 2021/05/15 v3.1.9a (3.1.9a)
) (C:\Program Files\MiKTeX\tex/generic/pgf/basiclayer\pgfcoretransparency.code.tex
File: pgfcoretransparency.code.tex 2021/05/15 v3.1.9a (3.1.9a)
) (C:\Program Files\MiKTeX\tex/generic/pgf/basiclayer\pgfcorepatterns.code.tex
File: pgfcorepatterns.code.tex 2021/05/15 v3.1.9a (3.1.9a)
) (C:\Program Files\MiKTeX\tex/generic/pgf/basiclayer\pgfcorerdf.code.tex
File: pgfcorerdf.code.tex 2021/05/15 v3.1.9a (3.1.9a)
))) (C:\Program Files\MiKTeX\tex/generic/pgf/modules\pgfmoduleshapes.code.tex
File: pgfmoduleshapes.code.tex 2021/05/15 v3.1.9a (3.1.9a)
\pgfnodeparttextbox=\box61
) (C:\Program Files\MiKTeX\tex/generic/pgf/modules\pgfmoduleplot.code.tex
File: pgfmoduleplot.code.tex 2021/05/15 v3.1.9a (3.1.9a)
) (C:\Program Files\MiKTeX\tex/latex/pgf/compatibility\pgfcomp-version-0-65.sty
Package: pgfcomp-version-0-65 2021/05/15 v3.1.9a (3.1.9a)
\pgf@nodesepstart=\dimen190
\pgf@nodesepend=\dimen191
) (C:\Program Files\MiKTeX\tex/latex/pgf/compatibility\pgfcomp-version-1-18.sty
Package: pgfcomp-version-1-18 2021/05/15 v3.1.9a (3.1.9a)
)) (C:\Program Files\MiKTeX\tex/latex/pgf/utilities\pgffor.sty (C:\Program Files\MiKTeX\tex/latex/pgf/utilities\pgfkeys.sty (C:\Program Files\MiKTeX\tex/generic/pgf/utilities\pgfkeys.code.tex)) (C:\Program Files\MiKTeX\tex/latex/pgf/math\pgfmath.sty (C:\Program Files\MiKTeX\tex/generic/pgf/math\pgfmath.code.tex)) (C:\Program Files\MiKTeX\tex/generic/pgf/utilities\pgffor.code.tex
Package: pgffor 2021/05/15 v3.1.9a (3.1.9a)
 (C:\Program Files\MiKTeX\tex/generic/pgf/math\pgfmath.code.tex)
\pgffor@iter=\dimen192
\pgffor@skip=\dimen193
\pgffor@stack=\toks45
\pgffor@toks=\toks46
)) (C:\Program Files\MiKTeX\tex/generic/pgf/frontendlayer/tikz\tikz.code.tex
Package: tikz 2021/05/15 v3.1.9a (3.1.9a)
 (C:\Program Files\MiKTeX\tex/generic/pgf/libraries\pgflibraryplothandlers.code.tex
File: pgflibraryplothandlers.code.tex 2021/05/15 v3.1.9a (3.1.9a)
\pgf@plot@mark@count=\count296
\pgfplotmarksize=\dimen194
)
\tikz@lastx=\dimen195
\tikz@lasty=\dimen196
\tikz@lastxsaved=\dimen197
\tikz@lastysaved=\dimen198
\tikz@lastmovetox=\dimen199
\tikz@lastmovetoy=\dimen256
\tikzleveldistance=\dimen257
\tikzsiblingdistance=\dimen258
\tikz@figbox=\box62
\tikz@figbox@bg=\box63
\tikz@tempbox=\box64
\tikz@tempbox@bg=\box65
\tikztreelevel=\count297
\tikznumberofchildren=\count298
\tikznumberofcurrentchild=\count299
\tikz@fig@count=\count300
 (C:\Program Files\MiKTeX\tex/generic/pgf/modules\pgfmodulematrix.code.tex
File: pgfmodulematrix.code.tex 2021/05/15 v3.1.9a (3.1.9a)
\pgfmatrixcurrentrow=\count301
\pgfmatrixcurrentcolumn=\count302
\pgf@matrix@numberofcolumns=\count303
)
\tikz@expandcount=\count304
 (C:\Program Files\MiKTeX\tex/generic/pgf/frontendlayer/tikz/libraries\tikzlibrarytopaths.code.tex
File: tikzlibrarytopaths.code.tex 2021/05/15 v3.1.9a (3.1.9a)
))) (C:\Program Files\MiKTeX\tex/generic/pgf/frontendlayer/tikz/libraries\tikzlibraryshapes.geometric.code.tex
File: tikzlibraryshapes.geometric.code.tex 2021/05/15 v3.1.9a (3.1.9a)
 (C:\Program Files\MiKTeX\tex/generic/pgf/libraries/shapes\pgflibraryshapes.geometric.code.tex
File: pgflibraryshapes.geometric.code.tex 2021/05/15 v3.1.9a (3.1.9a)
)) (C:\Program Files\MiKTeX\tex/generic/pgf/frontendlayer/tikz/libraries\tikzlibraryarrows.code.tex
File: tikzlibraryarrows.code.tex 2021/05/15 v3.1.9a (3.1.9a)
 (C:\Program Files\MiKTeX\tex/generic/pgf/libraries\pgflibraryarrows.code.tex
File: pgflibraryarrows.code.tex 2021/05/15 v3.1.9a (3.1.9a)
\arrowsize=\dimen259
)) (C:\Program Files\MiKTeX\tex/latex/geometry\geometry.sty
Package: geometry 2020/01/02 v5.9 Page Geometry
 (C:\Program Files\MiKTeX\tex/generic/iftex\ifvtex.sty
Package: ifvtex 2019/10/25 v1.7 ifvtex legacy package. Use iftex instead.
 (C:\Program Files\MiKTeX\tex/generic/iftex\iftex.sty
Package: iftex 2020/03/06 v1.0d TeX engine tests
))
\Gm@cnth=\count305
\Gm@cntv=\count306
\c@Gm@tempcnt=\count307
\Gm@bindingoffset=\dimen260
\Gm@wd@mp=\dimen261
\Gm@odd@mp=\dimen262
\Gm@even@mp=\dimen263
\Gm@layoutwidth=\dimen264
\Gm@layoutheight=\dimen265
\Gm@layouthoffset=\dimen266
\Gm@layoutvoffset=\dimen267
\Gm@dimlist=\toks47
 (C:\Program Files\MiKTeX\tex/latex/geometry\geometry.cfg)) (C:\Program Files\MiKTeX\tex/latex/imakeidx\imakeidx.sty
Package: imakeidx 2016/10/15 v1.3e Package for typesetting indices in a synchronous mode
 (C:\Program Files\MiKTeX\tex/latex/xkeyval\xkeyval.sty
Package: xkeyval 2020/11/20 v2.8 package option processing (HA)
 (C:\Program Files\MiKTeX\tex/generic/xkeyval\xkeyval.tex (C:\Program Files\MiKTeX\tex/generic/xkeyval\xkvutils.tex
\XKV@toks=\toks48
\XKV@tempa@toks=\toks49
)
\XKV@depth=\count308
File: xkeyval.tex 2014/12/03 v2.7a key=value parser (HA)
)) (C:\Program Files\MiKTeX\tex/generic/iftex\ifxetex.sty
Package: ifxetex 2019/10/25 v0.7 ifxetex legacy package. Use iftex instead.
) (C:\Program Files\MiKTeX\tex/generic/iftex\ifluatex.sty
Package: ifluatex 2019/10/25 v1.5 ifluatex legacy package. Use iftex instead.
) (C:\Program Files\MiKTeX\tex/latex/tools\multicol.sty
Package: multicol 2021/10/28 v1.9b multicolumn formatting (FMi)
\c@tracingmulticols=\count309
\mult@box=\box66
\multicol@leftmargin=\dimen268
\c@unbalance=\count310
\c@collectmore=\count311
\doublecol@number=\count312
\multicoltolerance=\count313
\multicolpretolerance=\count314
\full@width=\dimen269
\page@free=\dimen270
\premulticols=\dimen271
\postmulticols=\dimen272
\multicolsep=\skip58
\multicolbaselineskip=\skip59
\partial@page=\box67
\last@line=\box68
\maxbalancingoverflow=\dimen273
\mult@rightbox=\box69
\mult@grightbox=\box70
\mult@firstbox=\box71
\mult@gfirstbox=\box72
\@tempa=\box73
\@tempa=\box74
\@tempa=\box75
\@tempa=\box76
\@tempa=\box77
\@tempa=\box78
\@tempa=\box79
\@tempa=\box80
\@tempa=\box81
\@tempa=\box82
\@tempa=\box83
\@tempa=\box84
\@tempa=\box85
\@tempa=\box86
\@tempa=\box87
\@tempa=\box88
\@tempa=\box89
\@tempa=\box90
\@tempa=\box91
\@tempa=\box92
\@tempa=\box93
\@tempa=\box94
\@tempa=\box95
\@tempa=\box96
\@tempa=\box97
\@tempa=\box98
\@tempa=\box99
\@tempa=\box100
\@tempa=\box101
\@tempa=\box102
\@tempa=\box103
\@tempa=\box104
\@tempa=\box105
\@tempa=\box106
\@tempa=\box107
\@tempa=\box108
\c@minrows=\count315
\c@columnbadness=\count316
\c@finalcolumnbadness=\count317
\last@try=\dimen274
\multicolovershoot=\dimen275
\multicolundershoot=\dimen276
\mult@nat@firstbox=\box109
\colbreak@box=\box110
\mc@col@check@num=\count318
)) (C:\Program Files\MiKTeX\tex/latex/base\fontenc.sty
Package: fontenc 2021/04/29 v2.0v Standard LaTeX package
)
\main@idxfile=\write4
\openout4 = `main.idx'.


Writing index file main.idx
(C:\Program Files\MiKTeX\tex/latex/l3backend\l3backend-pdftex.def
File: l3backend-pdftex.def 2021-10-18 L3 backend support: PDF output (pdfTeX)
\l__color_backend_stack_int=\count319
\l__pdf_internal_box=\box111
) (main.aux)
\openout1 = `main.aux'.

LaTeX Font Info:    Checking defaults for OML/cmm/m/it on input line 29.
LaTeX Font Info:    ... okay on input line 29.
LaTeX Font Info:    Checking defaults for OMS/cmsy/m/n on input line 29.
LaTeX Font Info:    ... okay on input line 29.
LaTeX Font Info:    Checking defaults for OT1/cmr/m/n on input line 29.
LaTeX Font Info:    ... okay on input line 29.
LaTeX Font Info:    Checking defaults for T1/cmr/m/n on input line 29.
LaTeX Font Info:    ... okay on input line 29.
LaTeX Font Info:    Checking defaults for TS1/cmr/m/n on input line 29.
LaTeX Font Info:    ... okay on input line 29.
LaTeX Font Info:    Checking defaults for OMX/cmex/m/n on input line 29.
LaTeX Font Info:    ... okay on input line 29.
LaTeX Font Info:    Checking defaults for U/cmr/m/n on input line 29.
LaTeX Font Info:    ... okay on input line 29.
 (C:\Program Files\MiKTeX\tex/context/base/mkii\supp-pdf.mkii
[Loading MPS to PDF converter (version 2006.09.02).]
\scratchcounter=\count320
\scratchdimen=\dimen277
\scratchbox=\box112
\nofMPsegments=\count321
\nofMParguments=\count322
\everyMPshowfont=\toks50
\MPscratchCnt=\count323
\MPscratchDim=\dimen278
\MPnumerator=\count324
\makeMPintoPDFobject=\count325
\everyMPtoPDFconversion=\toks51
) (C:\Program Files\MiKTeX\tex/latex/epstopdf-pkg\epstopdf-base.sty
Package: epstopdf-base 2020-01-24 v2.11 Base part for package epstopdf
 (C:\Program Files\MiKTeX\tex/generic/infwarerr\infwarerr.sty
Package: infwarerr 2019/12/03 v1.5 Providing info/warning/error messages (HO)
) (C:\Program Files\MiKTeX\tex/latex/grfext\grfext.sty
Package: grfext 2019/12/03 v1.3 Manage graphics extensions (HO)
 (C:\Program Files\MiKTeX\tex/generic/kvdefinekeys\kvdefinekeys.sty
Package: kvdefinekeys 2019-12-19 v1.6 Define keys (HO)
)) (C:\Program Files\MiKTeX\tex/latex/kvoptions\kvoptions.sty
Package: kvoptions 2020-10-07 v3.14 Key value format for package options (HO)
 (C:\Program Files\MiKTeX\tex/generic/ltxcmds\ltxcmds.sty
Package: ltxcmds 2020-05-10 v1.25 LaTeX kernel commands for general use (HO)
) (C:\Program Files\MiKTeX\tex/generic/kvsetkeys\kvsetkeys.sty
Package: kvsetkeys 2019/12/15 v1.18 Key value parser (HO)
)) (C:\Program Files\MiKTeX\tex/generic/pdftexcmds\pdftexcmds.sty
Package: pdftexcmds 2020-06-27 v0.33 Utility functions of pdfTeX for LuaTeX (HO)
Package pdftexcmds Info: \pdf@primitive is available.
Package pdftexcmds Info: \pdf@ifprimitive is available.
Package pdftexcmds Info: \pdfdraftmode found.
)
Package epstopdf-base Info: Redefining graphics rule for `.eps' on input line 485.
Package grfext Info: Graphics extension search list:
(grfext)             [.pdf,.png,.jpg,.mps,.jpeg,.jbig2,.jb2,.PDF,.PNG,.JPG,.JPEG,.JBIG2,.JB2,.eps]
(grfext)             \AppendGraphicsExtensions on input line 504.
 (C:\Program Files\MiKTeX\tex/latex/00miktex\epstopdf-sys.cfg
File: epstopdf-sys.cfg 2021/03/18 v2.0 Configuration of epstopdf for MiKTeX
))
*geometry* driver: auto-detecting
*geometry* detected driver: pdftex
*geometry* verbose mode - [ preamble ] result:
* driver: pdftex
* paper: a4paper
* layout: <same size as paper>
* layoutoffset:(h,v)=(0.0pt,0.0pt)
* modes: 
* h-part:(L,W,R)=(42.67912pt, 512.14963pt, 42.67912pt)
* v-part:(T,H,B)=(56.9055pt, 731.23584pt, 56.9055pt)
* \paperwidth=597.50787pt
* \paperheight=845.04684pt
* \textwidth=512.14963pt
* \textheight=731.23584pt
* \oddsidemargin=-29.59087pt
* \evensidemargin=-29.59087pt
* \topmargin=-52.36449pt
* \headheight=12.0pt
* \headsep=25.0pt
* \topskip=10.0pt
* \footskip=30.0pt
* \marginparwidth=65.0pt
* \marginparsep=11.0pt
* \columnsep=10.0pt
* \skip\footins=9.0pt plus 4.0pt minus 2.0pt
* \hoffset=0.0pt
* \voffset=0.0pt
* \mag=1000
* \@twocolumnfalse
* \@twosidefalse
* \@mparswitchfalse
* \@reversemarginfalse
* (1in=72.27pt=25.4mm, 1cm=28.453pt)

LaTeX Font Info:    Trying to load font information for U+msa on input line 32.
(C:\Program Files\MiKTeX\tex/latex/amsfonts\umsa.fd
File: umsa.fd 2013/01/14 v3.01 AMS symbols A
)
LaTeX Font Info:    Trying to load font information for U+msb on input line 32.
 (C:\Program Files\MiKTeX\tex/latex/amsfonts\umsb.fd
File: umsb.fd 2013/01/14 v3.01 AMS symbols B
) (main.toc [1

{C:/Users/loryb/AppData/Local/MiKTeX/pdftex/config/pdftex.map}] [2])
\tf@toc=\write5
\openout5 = `main.toc'.

 [3]
<Images//encryption-decryption-diffrences.png, id=20, 542.025pt x 293.095pt>
File: Images//encryption-decryption-diffrences.png Graphic file (type png)
<use Images//encryption-decryption-diffrences.png>
Package pdftex.def Info: Images//encryption-decryption-diffrences.png  used on input line 47.
(pdftex.def)             Requested size: 216.80615pt x 117.23592pt.
<Images//substilug.png, id=21, 605.26125pt x 286.06876pt>
File: Images//substilug.png Graphic file (type png)
<use Images//substilug.png>
Package pdftex.def Info: Images//substilug.png  used on input line 53.
(pdftex.def)             Requested size: 181.57976pt x 85.82129pt.
<Images//XOR.png, id=23, 282.05376pt x 309.155pt>
File: Images//XOR.png Graphic file (type png)
<use Images//XOR.png>
Package pdftex.def Info: Images//XOR.png  used on input line 57.
(pdftex.def)             Requested size: 84.61678pt x 92.74721pt.
 [4 <./Images//encryption-decryption-diffrences.png> <./Images//substilug.png> <./Images//XOR.png>] [5]
Overfull \hbox (5.77634pt too wide) in paragraph at lines 138--139
[]\T1/cmr/m/n/10 La cifratura deve es-sere ran-dom-iz-zata. Quindi uno stessa mes-sag-gio deve resti-tuire di-versi ci-pher-text e quest'ultimo
 []

<Images//Stream Cipher.png, id=43, 660.4675pt x 157.58875pt>
File: Images//Stream Cipher.png Graphic file (type png)
<use Images//Stream Cipher.png>
Package pdftex.def Info: Images//Stream Cipher.png  used on input line 150.
(pdftex.def)             Requested size: 330.23294pt x 78.79417pt.
[6 <./Images//Stream Cipher.png>]
<Images//IVStreamCipher.png, id=50, 958.58125pt x 339.2675pt>
File: Images//IVStreamCipher.png Graphic file (type png)
<use Images//IVStreamCipher.png>
Package pdftex.def Info: Images//IVStreamCipher.png  used on input line 163.
(pdftex.def)             Requested size: 335.50847pt x 118.74539pt.
 [7 <./Images//IVStreamCipher.png>]
<Images//WEPIDEA.png, id=56, 837.1275pt x 292.09125pt>
File: Images//WEPIDEA.png Graphic file (type png)
<use Images//WEPIDEA.png>
Package pdftex.def Info: Images//WEPIDEA.png  used on input line 229.
(pdftex.def)             Requested size: 334.84506pt x 116.83441pt.
 [8]
<Images//CRCWEP.png, id=60, 429.605pt x 193.72375pt>
File: Images//CRCWEP.png Graphic file (type png)
<use Images//CRCWEP.png>
Package pdftex.def Info: Images//CRCWEP.png  used on input line 250.
(pdftex.def)             Requested size: 214.80197pt x 96.86163pt.
 [9 <./Images//WEPIDEA.png> <./Images//CRCWEP.png>]
<Images//MACSYM.png, id=67, 855.195pt x 546.04pt>
File: Images//MACSYM.png Graphic file (type png)
<use Images//MACSYM.png>
Package pdftex.def Info: Images//MACSYM.png  used on input line 294.
(pdftex.def)             Requested size: 256.56049pt x 163.81326pt.
 [10] [11 <./Images//MACSYM.png>]
<Images//birthdaypdx.png, id=76, 716.6775pt x 417.56pt>
File: Images//birthdaypdx.png Graphic file (type png)
<use Images//birthdaypdx.png>
Package pdftex.def Info: Images//birthdaypdx.png  used on input line 344.
(pdftex.def)             Requested size: 358.33788pt x 208.77948pt.
<Images//birthdaypdx2.png, id=77, 718.685pt x 426.59375pt>
File: Images//birthdaypdx2.png Graphic file (type png)
<use Images//birthdaypdx2.png>
Package pdftex.def Info: Images//birthdaypdx2.png  used on input line 345.
(pdftex.def)             Requested size: 359.34161pt x 213.29634pt.
 [12 <./Images//birthdaypdx.png>]
<Images//hashConstruction.png, id=82, 716.6775pt x 380.42125pt>
File: Images//hashConstruction.png Graphic file (type png)
<use Images//hashConstruction.png>
Package pdftex.def Info: Images//hashConstruction.png  used on input line 352.
(pdftex.def)             Requested size: 215.00491pt x 114.12724pt.
<Images//weakSuffix.png, id=83, 719.68875pt x 388.45125pt>
File: Images//weakSuffix.png Graphic file (type png)
<use Images//weakSuffix.png>
Package pdftex.def Info: Images//weakSuffix.png  used on input line 356.
(pdftex.def)             Requested size: 287.87039pt x 155.37773pt.
 [13 <./Images//birthdaypdx2.png> <./Images//hashConstruction.png> <./Images//weakSuffix.png>]
<Images//secretPrefix.png, id=91, 633.36626pt x 218.8175pt>
File: Images//secretPrefix.png Graphic file (type png)
<use Images//secretPrefix.png>
Package pdftex.def Info: Images//secretPrefix.png  used on input line 360.
(pdftex.def)             Requested size: 253.34201pt x 87.52544pt.
<Images//HMAC.png, id=92, 568.1225pt x 331.2375pt>
File: Images//HMAC.png Graphic file (type png)
<use Images//HMAC.png>
Package pdftex.def Info: Images//HMAC.png  used on input line 372.
(pdftex.def)             Requested size: 511.30551pt x 298.11098pt.
 [14 <./Images//secretPrefix.png> <./Images//HMAC.png>] [15]
<Images//entropy.png, id=102, 728.7225pt x 433.62pt>
File: Images//entropy.png Graphic file (type png)
<use Images//entropy.png>
Package pdftex.def Info: Images//entropy.png  used on input line 469.
(pdftex.def)             Requested size: 437.23688pt x 260.17401pt.

Overfull \hbox (22.00444pt too wide) in paragraph at lines 473--473
[]\T1/cmr/bx/n/12 Password-Based Au-then-ti-ca-tion vs Challenge-Handshake Au-then-ti-ca-tion - PAP,CHAP 
 []

[16 <./Images//entropy.png>]
Underfull \hbox (badness 10000) in paragraph at lines 508--511

 []

[17]
<Images//OTP.png, id=110, 857.2025pt x 605.26125pt>
File: Images//OTP.png Graphic file (type png)
<use Images//OTP.png>
Package pdftex.def Info: Images//OTP.png  used on input line 512.
(pdftex.def)             Requested size: 428.6002pt x 302.62987pt.
 [18 <./Images//OTP.png>]
<Images//mutual.png, id=115, 808.01875pt x 545.03625pt>
File: Images//mutual.png Graphic file (type png)
<use Images//mutual.png>
Package pdftex.def Info: Images//mutual.png  used on input line 547.
(pdftex.def)             Requested size: 404.00839pt x 272.51746pt.

Overfull \hbox (77.18602pt too wide) in paragraph at lines 551--552
[]\T1/cmr/m/n/10 A questo punto l'utente ri-mande una chal-lenge nuova; l'authenticator risponde con $\OML/cmm/m/it/10 ServerName; H\OT1/cmr/m/n/10 (\OML/cmm/m/it/10 sharedsecre; challengenuova\OT1/cmr/m/n/10 )$\T1/cmr/m/n/10 .
 []


Underfull \hbox (badness 10000) in paragraph at lines 553--554

 []

<Images//mutualBreak.png, id=116, 979.66pt x 583.17876pt>
File: Images//mutualBreak.png Graphic file (type png)
<use Images//mutualBreak.png>
Package pdftex.def Info: Images//mutualBreak.png  used on input line 555.
(pdftex.def)             Requested size: 489.82881pt x 291.58867pt.
[19 <./Images//mutual.png>]
<Images//reflectP.png, id=122, 933.4875pt x 469.755pt>
File: Images//reflectP.png Graphic file (type png)
<use Images//reflectP.png>
Package pdftex.def Info: Images//reflectP.png  used on input line 559.
(pdftex.def)             Requested size: 466.74261pt x 234.87692pt.
 [20 <./Images//mutualBreak.png> <./Images//reflectP.png>]
<Images//auth2g.png, id=128, 908.39375pt x 550.055pt>
File: Images//auth2g.png Graphic file (type png)
<use Images//auth2g.png>
Package pdftex.def Info: Images//auth2g.png  used on input line 571.
(pdftex.def)             Requested size: 363.35106pt x 220.0181pt.
<Images//triplets.png, id=129, 629.35126pt x 202.7575pt>
File: Images//triplets.png Graphic file (type png)
<use Images//triplets.png>
Package pdftex.def Info: Images//triplets.png  used on input line 586.
(pdftex.def)             Requested size: 251.73604pt x 81.10156pt.

Overfull \hbox (16.18018pt too wide) in paragraph at lines 592--593
\T1/cmr/m/n/10 Questa volta, VLR in-via solo l'IMSI senza la RAND. AuC risponde con un in-sieme di vet-tori di tipo $\OT1/cmr/m/n/10 [\OML/cmm/m/it/10 Challenge; SRES; K[]\OT1/cmr/m/n/10 ]$\T1/cmr/m/n/10 . 
 []

[21 <./Images//auth2g.png> <./Images//triplets.png>]
<Images//A38.png, id=135, 503.8825pt x 287.0725pt>
File: Images//A38.png Graphic file (type png)
<use Images//A38.png>
Package pdftex.def Info: Images//A38.png  used on input line 596.
(pdftex.def)             Requested size: 201.54942pt x 114.82695pt.
<Images//2g3g4g.png, id=136, 936.49875pt x 350.30875pt>
File: Images//2g3g4g.png Graphic file (type png)
<use Images//2g3g4g.png>
Package pdftex.def Info: Images//2g3g4g.png  used on input line 609.
(pdftex.def)             Requested size: 374.59286pt x 140.12102pt.
 [22 <./Images//A38.png> <./Images//2g3g4g.png>]
<Images//msauth.png, id=142, 713.66624pt x 253.94875pt>
File: Images//msauth.png Graphic file (type png)
<use Images//msauth.png>
Package pdftex.def Info: Images//msauth.png  used on input line 626.
(pdftex.def)             Requested size: 285.46143pt x 101.5777pt.
<Images//AUTNFORMAT.png, id=143, 895.345pt x 480.79625pt>
File: Images//AUTNFORMAT.png Graphic file (type png)
<use Images//AUTNFORMAT.png>
Package pdftex.def Info: Images//AUTNFORMAT.png  used on input line 635.
(pdftex.def)             Requested size: 447.6714pt x 240.39752pt.
 [23 <./Images//msauth.png> <./Images//AUTNFORMAT.png>]
<Images//Radius1.png, id=149, 840.13875pt x 354.32375pt>
File: Images//Radius1.png Graphic file (type png)
<use Images//Radius1.png>
Package pdftex.def Info: Images//Radius1.png  used on input line 650.
(pdftex.def)             Requested size: 420.06834pt x 177.16144pt.
<Images//RADIUSW.png, id=150, 851.18pt x 431.6125pt>
File: Images//RADIUSW.png Graphic file (type png)
<use Images//RADIUSW.png>
Package pdftex.def Info: Images//RADIUSW.png  used on input line 659.
(pdftex.def)             Requested size: 425.58894pt x 215.80571pt.
 [24 <./Images//Radius1.png>]
<Images//proxyserver.png, id=155, 919.435pt x 490.83376pt>
File: Images//proxyserver.png Graphic file (type png)
<use Images//proxyserver.png>
Package pdftex.def Info: Images//proxyserver.png  used on input line 677.
(pdftex.def)             Requested size: 459.71637pt x 245.41628pt.
 [25 <./Images//RADIUSW.png> <./Images//proxyserver.png>]
<Images//AUTHREPLYRADIUS.png, id=162, 933.4875pt x 415.5525pt>
File: Images//AUTHREPLYRADIUS.png Graphic file (type png)
<use Images//AUTHREPLYRADIUS.png>
Package pdftex.def Info: Images//AUTHREPLYRADIUS.png  used on input line 711.
(pdftex.def)             Requested size: 466.74261pt x 207.77574pt.
 [26 <./Images//AUTHREPLYRADIUS.png>]
<Images//packetFormat.png, id=167, 927.465pt x 308.15125pt>
File: Images//packetFormat.png Graphic file (type png)
<use Images//packetFormat.png>
Package pdftex.def Info: Images//packetFormat.png  used on input line 734.
(pdftex.def)             Requested size: 370.97943pt x 123.2583pt.
<Images//codesRADIUS.png, id=168, 314.17375pt x 314.17375pt>
File: Images//codesRADIUS.png Graphic file (type png)
<use Images//codesRADIUS.png>
Package pdftex.def Info: Images//codesRADIUS.png  used on input line 737.
(pdftex.def)             Requested size: 125.66727pt x 125.66727pt.
 [27 <./Images//packetFormat.png> <./Images//codesRADIUS.png>]
<Images//passwordEncry.png, id=174, 1113.15875pt x 746.79pt>
File: Images//passwordEncry.png Graphic file (type png)
<use Images//passwordEncry.png>
Package pdftex.def Info: Images//passwordEncry.png  used on input line 772.
(pdftex.def)             Requested size: 445.25562pt x 298.7107pt.
 [28 <./Images//passwordEncry.png>]
<Images//PPPCHAPRADIUS.png, id=179, 773.89125pt x 454.69875pt>
File: Images//PPPCHAPRADIUS.png Graphic file (type png)
<use Images//PPPCHAPRADIUS.png>
Package pdftex.def Info: Images//PPPCHAPRADIUS.png  used on input line 796.
(pdftex.def)             Requested size: 309.55101pt x 181.87627pt.
 [29 <./Images//PPPCHAPRADIUS.png>]
Overfull \hbox (11.6931pt too wide) in paragraph at lines 828--829
\T1/cmr/m/n/10 dell'intero pac-chetto us-ando il seg-reto con-di-viso che con-di-vide con il server RADIUS:$\OML/cmm/m/it/10 HMAC[]D\OT1/cmr/m/n/10 5(\OML/cmm/m/it/10 Whole Packet\OT1/cmr/m/n/10 ) =
 []

<Images//dictionaryattackRADIUS.png, id=184, 888.31876pt x 214.8025pt>
File: Images//dictionaryattackRADIUS.png Graphic file (type png)
<use Images//dictionaryattackRADIUS.png>
Package pdftex.def Info: Images//dictionaryattackRADIUS.png  used on input line 835.
(pdftex.def)             Requested size: 355.32121pt x 85.91946pt.
[30 <./Images//dictionaryattackRADIUS.png>]
<Images//replayRADIUS.png, id=189, 800.9925pt x 314.17375pt>
File: Images//replayRADIUS.png Graphic file (type png)
<use Images//replayRADIUS.png>
Package pdftex.def Info: Images//replayRADIUS.png  used on input line 847.
(pdftex.def)             Requested size: 320.39133pt x 125.66727pt.
<Images//attackpswRADIUS.png, id=190, 845.1575pt x 188.705pt>
File: Images//attackpswRADIUS.png Graphic file (type png)
<use Images//attackpswRADIUS.png>
Package pdftex.def Info: Images//attackpswRADIUS.png  used on input line 855.
(pdftex.def)             Requested size: 338.057pt x 75.48065pt.
<Images//attackpwdRADIUS.png, id=191, 807.015pt x 184.69pt>
File: Images//attackpwdRADIUS.png Graphic file (type png)
<use Images//attackpwdRADIUS.png>
Package pdftex.def Info: Images//attackpwdRADIUS.png  used on input line 867.
(pdftex.def)             Requested size: 322.80028pt x 73.87468pt.
 [31 <./Images//replayRADIUS.png> <./Images//attackpswRADIUS.png> <./Images//attackpwdRADIUS.png>]
<Images//DIAMETERALL.png, id=199, 874.26625pt x 365.365pt>
File: Images//DIAMETERALL.png Graphic file (type png)
<use Images//DIAMETERALL.png>
Package pdftex.def Info: Images//DIAMETERALL.png  used on input line 883.
(pdftex.def)             Requested size: 349.7003pt x 146.1434pt.
 [32 <./Images//DIAMETERALL.png>] [33]
<Images//DIAMETERPARAM.png, id=207, 858.20625pt x 338.26375pt>
File: Images//DIAMETERPARAM.png Graphic file (type png)
<use Images//DIAMETERPARAM.png>
Package pdftex.def Info: Images//DIAMETERPARAM.png  used on input line 928.
(pdftex.def)             Requested size: 429.10208pt x 169.13145pt.
<Images//relyAgent.png, id=208, 571.13374pt x 184.69pt>
File: Images//relyAgent.png Graphic file (type png)
<use Images//relyAgent.png>
Package pdftex.def Info: Images//relyAgent.png  used on input line 942.
(pdftex.def)             Requested size: 285.56618pt x 92.34476pt.
 [34 <./Images//DIAMETERPARAM.png> <./Images//relyAgent.png>]
<Images//redirectAgent.png, id=214, 504.88625pt x 190.7125pt>
File: Images//redirectAgent.png Graphic file (type png)
<use Images//redirectAgent.png>
Package pdftex.def Info: Images//redirectAgent.png  used on input line 949.
(pdftex.def)             Requested size: 252.44249pt x 95.356pt.
 [35 <./Images//redirectAgent.png>]
<Images//SSL_TLS.png, id=219, 720.6925pt x 286.06876pt>
File: Images//SSL_TLS.png Graphic file (type png)
<use Images//SSL_TLS.png>
Package pdftex.def Info: Images//SSL_TLS.png  used on input line 960.
(pdftex.def)             Requested size: 288.2719pt x 114.42546pt.
<Images//TLSAPP.png, id=220, 381.425pt x 448.67625pt>
File: Images//TLSAPP.png Graphic file (type png)
<use Images//TLSAPP.png>
Package pdftex.def Info: Images//TLSAPP.png  used on input line 978.
(pdftex.def)             Requested size: 190.71202pt x 224.33757pt.
 [36 <./Images//SSL_TLS.png>]
<Images//TLSProtocolStack.png, id=225, 929.4725pt x 540.0175pt>
File: Images//TLSProtocolStack.png Graphic file (type png)
<use Images//TLSProtocolStack.png>
Package pdftex.def Info: Images//TLSProtocolStack.png  used on input line 988.
(pdftex.def)             Requested size: 511.21146pt x 297.01054pt.
 [37 <./Images//TLSAPP.png> <./Images//TLSProtocolStack.png>]
<Images//RecordProtocolOperation.png, id=232, 884.30376pt x 544.0325pt>
File: Images//RecordProtocolOperation.png Graphic file (type png)
<use Images//RecordProtocolOperation.png>
Package pdftex.def Info: Images//RecordProtocolOperation.png  used on input line 994.
(pdftex.def)             Requested size: 442.1508pt x 272.01558pt.
 [38 <./Images//RecordProtocolOperation.png>]
<Images//TLS_Header.png, id=237, 728.7225pt x 443.6575pt>
File: Images//TLS_Header.png Graphic file (type png)
<use Images//TLS_Header.png>
Package pdftex.def Info: Images//TLS_Header.png  used on input line 1004.
(pdftex.def)             Requested size: 364.36035pt x 221.8282pt.

Underfull \hbox (badness 10000) in paragraph at lines 1006--1007

 []

<Images//SequenceTLS.png, id=238, 566.115pt x 153.57375pt>
File: Images//SequenceTLS.png Graphic file (type png)
<use Images//SequenceTLS.png>
Package pdftex.def Info: Images//SequenceTLS.png  used on input line 1008.
(pdftex.def)             Requested size: 283.05681pt x 76.78668pt.
<Images//SEQ2TLS.png, id=239, 619.31375pt x 175.65625pt>
File: Images//SEQ2TLS.png Graphic file (type png)
<use Images//SEQ2TLS.png>
Package pdftex.def Info: Images//SEQ2TLS.png  used on input line 1012.
(pdftex.def)             Requested size: 309.65611pt x 87.8279pt.
[39 <./Images//TLS_Header.png> <./Images//SequenceTLS.png> <./Images//SEQ2TLS.png>]
<Images//ENCMAC.png, id=246, 505.89pt x 275.0275pt>
File: Images//ENCMAC.png Graphic file (type png)
<use Images//ENCMAC.png>
Package pdftex.def Info: Images//ENCMAC.png  used on input line 1031.
(pdftex.def)             Requested size: 252.94437pt x 137.51341pt.
<Images//blockCipher.png, id=247, 919.435pt x 300.12125pt>
File: Images//blockCipher.png Graphic file (type png)
<use Images//blockCipher.png>
Package pdftex.def Info: Images//blockCipher.png  used on input line 1042.
(pdftex.def)             Requested size: 459.71637pt x 150.06026pt.
 [40 <./Images//ENCMAC.png> <./Images//blockCipher.png>]
<Images//probl1.png, id=253, 740.7675pt x 309.155pt>
File: Images//probl1.png Graphic file (type png)
<use Images//probl1.png>
Package pdftex.def Info: Images//probl1.png  used on input line 1068.
(pdftex.def)             Requested size: 370.38284pt x 154.57712pt.
<Images//probl2.png, id=254, 591.20876pt x 375.4025pt>
File: Images//probl2.png Graphic file (type png)
<use Images//probl2.png>
Package pdftex.def Info: Images//probl2.png  used on input line 1073.
(pdftex.def)             Requested size: 295.60365pt x 187.70079pt.
 [41 <./Images//probl1.png> <./Images//probl2.png>]
<Images//IVblc.png, id=260, 749.80125pt x 418.56375pt>
File: Images//IVblc.png Graphic file (type png)
<use Images//IVblc.png>
Package pdftex.def Info: Images//IVblc.png  used on input line 1077.
(pdftex.def)             Requested size: 374.8997pt x 209.28136pt.
<Images//semanticblc.png, id=261, 628.3475pt x 329.23pt>
File: Images//semanticblc.png Graphic file (type png)
<use Images//semanticblc.png>
Package pdftex.def Info: Images//semanticblc.png  used on input line 1099.
(pdftex.def)             Requested size: 314.17297pt x 164.6146pt.
 [42 <./Images//IVblc.png> <./Images//semanticblc.png>]
<Images//CBC.png, id=267, 635.37375pt x 286.06876pt>
File: Images//CBC.png Graphic file (type png)
<use Images//CBC.png>
Package pdftex.def Info: Images//CBC.png  used on input line 1116.
(pdftex.def)             Requested size: 317.6861pt x 143.03403pt.
<Images//CBCDec.png, id=268, 648.4225pt x 238.8925pt>
File: Images//CBCDec.png Graphic file (type png)
<use Images//CBCDec.png>
Package pdftex.def Info: Images//CBCDec.png  used on input line 1122.
(pdftex.def)             Requested size: 324.21045pt x 119.44595pt.
 [43 <./Images//CBC.png> <./Images//CBCDec.png>]
<Images//ShortCycle.png, id=275, 721.69624pt x 412.54124pt>
File: Images//ShortCycle.png Graphic file (type png)
<use Images//ShortCycle.png>
Package pdftex.def Info: Images//ShortCycle.png  used on input line 1134.
(pdftex.def)             Requested size: 360.84724pt x 206.27011pt.
<Images//CFBOFB.png, id=276, 539.01375pt x 427.5975pt>
File: Images//CFBOFB.png Graphic file (type png)
<use Images//CFBOFB.png>
Package pdftex.def Info: Images//CFBOFB.png  used on input line 1138.
(pdftex.def)             Requested size: 377.30704pt x 299.31621pt.
<Images//CFBOFBDec.png, id=277, 545.03625pt x 436.63126pt>
File: Images//CFBOFBDec.png Graphic file (type png)
<use Images//CFBOFBDec.png>
Package pdftex.def Info: Images//CFBOFBDec.png  used on input line 1141.
(pdftex.def)             Requested size: 381.52278pt x 305.63979pt.
 [44 <./Images//ShortCycle.png> <./Images//CFBOFB.png>]
<Images//CounterMOde.png, id=283, 743.77875pt x 235.88126pt>
File: Images//CounterMOde.png Graphic file (type png)
<use Images//CounterMOde.png>
Package pdftex.def Info: Images//CounterMOde.png  used on input line 1156.
(pdftex.def)             Requested size: 446.27069pt x 141.52983pt.
 [45 <./Images//CFBOFBDec.png> <./Images//CounterMOde.png>]
<Images//BEAST1.png, id=289, 662.475pt x 334.24875pt>
File: Images//BEAST1.png Graphic file (type png)
<use Images//BEAST1.png>
Package pdftex.def Info: Images//BEAST1.png  used on input line 1176.
(pdftex.def)             Requested size: 264.9853pt x 133.69713pt.
<Images//BEASTCHallenge.png, id=290, 630.355pt x 332.24126pt>
File: Images//BEASTCHallenge.png Graphic file (type png)
<use Images//BEASTCHallenge.png>
Package pdftex.def Info: Images//BEASTCHallenge.png  used on input line 1180.
(pdftex.def)             Requested size: 252.13753pt x 132.89413pt.
<Images//BEASTIVPRED.png, id=291, 705.63625pt x 427.5975pt>
File: Images//BEASTIVPRED.png Graphic file (type png)
<use Images//BEASTIVPRED.png>
Package pdftex.def Info: Images//BEASTIVPRED.png  used on input line 1188.
(pdftex.def)             Requested size: 423.38501pt x 256.56047pt.
 [46 <./Images//BEAST1.png> <./Images//BEASTCHallenge.png>]
<Images//CBA.png, id=297, 722.7pt x 349.305pt>
File: Images//CBA.png Graphic file (type png)
<use Images//CBA.png>
Package pdftex.def Info: Images//CBA.png  used on input line 1199.
(pdftex.def)             Requested size: 361.3491pt x 174.65207pt.
 [47 <./Images//BEASTIVPRED.png> <./Images//CBA.png>]
<Images//CBCPADDING.png, id=303, 992.70876pt x 600.2425pt>
File: Images//CBCPADDING.png Graphic file (type png)
<use Images//CBCPADDING.png>
Package pdftex.def Info: Images//CBCPADDING.png  used on input line 1208.
(pdftex.def)             Requested size: 397.07648pt x 240.09274pt.
<Images//AttackDEC.png, id=304, 865.2325pt x 108.405pt>
File: Images//AttackDEC.png Graphic file (type png)
<use Images//AttackDEC.png>
Package pdftex.def Info: Images//AttackDEC.png  used on input line 1233.
(pdftex.def)             Requested size: 346.08687pt x 43.36122pt.
 [48 <./Images//CBCPADDING.png>]
<Images//CBCDecrypt.png, id=309, 820.06375pt x 611.28375pt>
File: Images//CBCDecrypt.png Graphic file (type png)
<use Images//CBCDecrypt.png>
Package pdftex.def Info: Images//CBCDecrypt.png  used on input line 1242.
(pdftex.def)             Requested size: 328.01968pt x 244.50917pt.
<Images//STARTFROM.png, id=310, 681.54625pt x 64.24pt>
File: Images//STARTFROM.png Graphic file (type png)
<use Images//STARTFROM.png>
Package pdftex.def Info: Images//STARTFROM.png  used on input line 1248.
(pdftex.def)             Requested size: 340.7723pt x 32.11992pt.

Underfull \hbox (badness 10000) in paragraph at lines 1255--1256

 []

[49 <./Images//AttackDEC.png> <./Images//CBCDecrypt.png> <./Images//STARTFROM.png>]
Underfull \hbox (badness 10000) in paragraph at lines 1287--1288

 []

[50]
<Images//2021-11-21-21-02-14.png, id=321, 304.88907pt x 106.89937pt>
File: Images//2021-11-21-21-02-14.png Graphic file (type png)
<use Images//2021-11-21-21-02-14.png>
Package pdftex.def Info: Images//2021-11-21-21-02-14.png  used on input line 1335.
(pdftex.def)             Requested size: 243.91158pt x 85.51959pt.
 [51 <./Images//2021-11-21-21-02-14.png>]
Underfull \hbox (badness 10000) in paragraph at lines 1346--1351

 []

<Images//2021-11-21-21-23-35.png, id=327, 283.81032pt x 70.01157pt>
File: Images//2021-11-21-21-23-35.png Graphic file (type png)
<use Images//2021-11-21-21-23-35.png>
Package pdftex.def Info: Images//2021-11-21-21-23-35.png  used on input line 1353.
(pdftex.def)             Requested size: 227.04855pt x 56.00931pt.

Underfull \hbox (badness 10000) in paragraph at lines 1375--1378

 []

<Images//2021-11-21-22-03-58.png, id=329, 292.09125pt x 208.52907pt>
File: Images//2021-11-21-22-03-58.png Graphic file (type png)
<use Images//2021-11-21-22-03-58.png>
Package pdftex.def Info: Images//2021-11-21-22-03-58.png  used on input line 1383.
(pdftex.def)             Requested size: 233.6733pt x 166.82347pt.
[52 <./Images//2021-11-21-21-23-35.png>]
<Images//2021-11-21-22-05-03.png, id=335, 368.1253pt x 194.22563pt>
File: Images//2021-11-21-22-05-03.png Graphic file (type png)
<use Images//2021-11-21-22-05-03.png>
Package pdftex.def Info: Images//2021-11-21-22-05-03.png  used on input line 1392.
(pdftex.def)             Requested size: 294.50064pt x 155.3807pt.
 [53 <./Images//2021-11-21-22-03-58.png> <./Images//2021-11-21-22-05-03.png>]
<Images//2021-11-21-22-43-47.png, id=342, 560.0925pt x 282.30469pt>
File: Images//2021-11-21-22-43-47.png Graphic file (type png)
<use Images//2021-11-21-22-43-47.png>
Package pdftex.def Info: Images//2021-11-21-22-43-47.png  used on input line 1425.
(pdftex.def)             Requested size: 448.0746pt x 225.84404pt.
<Images//2021-11-21-22-46-55.png, id=344, 364.36125pt x 197.98969pt>
File: Images//2021-11-21-22-46-55.png Graphic file (type png)
<use Images//2021-11-21-22-46-55.png>
Package pdftex.def Info: Images//2021-11-21-22-46-55.png  used on input line 1431.
(pdftex.def)             Requested size: 364.36035pt x 197.9892pt.
 [54 <./Images//2021-11-21-22-43-47.png> <./Images//2021-11-21-22-46-55.png>]
<Images//2021-11-22-14-35-06.png, id=351, 619.56468pt x 232.61906pt>
File: Images//2021-11-22-14-35-06.png Graphic file (type png)
<use Images//2021-11-22-14-35-06.png>
Package pdftex.def Info: Images//2021-11-22-14-35-06.png  used on input line 1455.
(pdftex.def)             Requested size: 495.6524pt x 186.09549pt.
<Images//2021-11-22-14-46-59.png, id=353, 699.36281pt x 374.14781pt>
File: Images//2021-11-22-14-46-59.png Graphic file (type png)
<use Images//2021-11-22-14-46-59.png>
Package pdftex.def Info: Images//2021-11-22-14-46-59.png  used on input line 1466.
(pdftex.def)             Requested size: 559.49101pt x 299.31863pt.

Overfull \hbox (47.34138pt too wide) in paragraph at lines 1466--1467
 [] 
 []

[55 <./Images//2021-11-22-14-35-06.png>]
<Images//2021-11-22-14-56-02.png, id=360, 682.04813pt x 454.69875pt>
File: Images//2021-11-22-14-56-02.png Graphic file (type png)
<use Images//2021-11-22-14-56-02.png>
Package pdftex.def Info: Images//2021-11-22-14-56-02.png  used on input line 1476.
(pdftex.def)             Requested size: 409.23204pt x 272.82135pt.
<Images//2021-11-22-15-01-49.png, id=361, 356.0803pt x 85.82062pt>
File: Images//2021-11-22-15-01-49.png Graphic file (type png)
<use Images//2021-11-22-15-01-49.png>
Package pdftex.def Info: Images//2021-11-22-15-01-49.png  used on input line 1481.
(pdftex.def)             Requested size: 249.25452pt x 60.074pt.
 [56 <./Images//2021-11-22-14-46-59.png> <./Images//2021-11-22-14-56-02.png>]
Overfull \hbox (31.76038pt too wide) in paragraph at lines 1499--1501
\T1/cmr/m/n/10 togravare e CV rap-p-re-senza l'hash per il con-trollo di in-tegrit. Un es-em-pio  \T1/cmr/bx/n/10 TLS_RSA_WITH_NULL_MD5 
 []

<Images//2021-12-02-15-48-45.png, id=366, 433.62pt x 331.99031pt>
File: Images//2021-12-02-15-48-45.png Graphic file (type png)
<use Images//2021-12-02-15-48-45.png>
Package pdftex.def Info: Images//2021-12-02-15-48-45.png  used on input line 1507.
(pdftex.def)             Requested size: 260.17401pt x 199.19571pt.
<Images//2021-12-02-15-57-06.png, id=367, 411.03563pt x 322.20375pt>
File: Images//2021-12-02-15-57-06.png Graphic file (type png)
<use Images//2021-12-02-15-57-06.png>
Package pdftex.def Info: Images//2021-12-02-15-57-06.png  used on input line 1508.
(pdftex.def)             Requested size: 246.62328pt x 193.32373pt.

Overfull \hbox (18.64769pt too wide) in paragraph at lines 1506--1510
[] 
 []

<Images//2021-12-02-16-26-53.png, id=368, 505.89pt x 232.61906pt>
File: Images//2021-12-02-16-26-53.png Graphic file (type png)
<use Images//2021-12-02-16-26-53.png>
Package pdftex.def Info: Images//2021-12-02-16-26-53.png  used on input line 1512.
(pdftex.def)             Requested size: 505.88875pt x 232.61848pt.
[57 <./Images//2021-11-22-15-01-49.png> <./Images//2021-12-02-15-48-45.png> <./Images//2021-12-02-15-57-06.png>] [58 <./Images//2021-12-02-16-26-53.png>]
<Images//2021-12-03-18-48-36.png, id=375, 712.91344pt x 243.91125pt>
File: Images//2021-12-03-18-48-36.png Graphic file (type png)
<use Images//2021-12-03-18-48-36.png>
Package pdftex.def Info: Images//2021-12-03-18-48-36.png  used on input line 1549.
(pdftex.def)             Requested size: 356.45584pt x 121.95532pt.
<Images//2021-12-03-18-59-15.png, id=376, 737.00343pt x 267.24844pt>
File: Images//2021-12-03-18-59-15.png Graphic file (type png)
<use Images//2021-12-03-18-59-15.png>
Package pdftex.def Info: Images//2021-12-03-18-59-15.png  used on input line 1558.
(pdftex.def)             Requested size: 368.50081pt x 133.62389pt.
 [59 <./Images//2021-12-03-18-48-36.png> <./Images//2021-12-03-18-59-15.png>]
<Images//2021-12-04-12-00-50.png, id=380, 376.40625pt x 241.65282pt>
File: Images//2021-12-04-12-00-50.png Graphic file (type png)
<use Images//2021-12-04-12-00-50.png>
Package pdftex.def Info: Images//2021-12-04-12-00-50.png  used on input line 1576.
(pdftex.def)             Requested size: 225.84547pt x 144.9928pt.
<Images//2021-12-04-15-26-00.png, id=381, 185.19188pt x 182.93344pt>
File: Images//2021-12-04-15-26-00.png Graphic file (type png)
<use Images//2021-12-04-15-26-00.png>
Package pdftex.def Info: Images//2021-12-04-15-26-00.png  used on input line 1604.
(pdftex.def)             Requested size: 185.1914pt x 182.93298pt.
 [60 <./Images//2021-12-04-12-00-50.png>]
<Images//2021-12-04-15-43-15.png, id=385, 461.47406pt x 274.02374pt>
File: Images//2021-12-04-15-43-15.png Graphic file (type png)
<use Images//2021-12-04-15-43-15.png>
Package pdftex.def Info: Images//2021-12-04-15-43-15.png  used on input line 1610.
(pdftex.def)             Requested size: 276.88655pt x 164.41551pt.

Underfull \hbox (badness 10000) in paragraph at lines 1613--1614

 []

<Images//2021-12-07-16-22-29.png, id=386, 742.27313pt x 104.64093pt>
File: Images//2021-12-07-16-22-29.png Graphic file (type png)
<use Images//2021-12-07-16-22-29.png>
Package pdftex.def Info: Images//2021-12-07-16-22-29.png  used on input line 1620.
(pdftex.def)             Requested size: 445.36732pt x 62.78502pt.
[61 <./Images//2021-12-04-15-26-00.png> <./Images//2021-12-04-15-43-15.png> <./Images//2021-12-07-16-22-29.png>]
<Images//2021-12-04-16-42-43.png, id=391, 371.88937pt x 124.96687pt>
File: Images//2021-12-04-16-42-43.png Graphic file (type png)
<use Images//2021-12-04-16-42-43.png>
Package pdftex.def Info: Images//2021-12-04-16-42-43.png  used on input line 1648.
(pdftex.def)             Requested size: 223.13533pt x 74.9807pt.
 [62 <./Images//2021-12-04-16-42-43.png>]
<Images//2021-12-04-17-01-29.png, id=395, 422.32782pt x 170.13562pt>
File: Images//2021-12-04-17-01-29.png Graphic file (type png)
<use Images//2021-12-04-17-01-29.png>
Package pdftex.def Info: Images//2021-12-04-17-01-29.png  used on input line 1668.
(pdftex.def)             Requested size: 253.39864pt x 102.08215pt.

Underfull \hbox (badness 10000) in paragraph at lines 1670--1671

 []

<Images//2021-12-04-17-21-53.png, id=396, 390.70969pt x 247.67531pt>
File: Images//2021-12-04-17-21-53.png Graphic file (type png)
<use Images//2021-12-04-17-21-53.png>
Package pdftex.def Info: Images//2021-12-04-17-21-53.png  used on input line 1682.
(pdftex.def)             Requested size: 234.42761pt x 148.60632pt.

Underfull \hbox (badness 10000) in paragraph at lines 1698--1699

 []

[63 <./Images//2021-12-04-17-01-29.png> <./Images//2021-12-04-17-21-53.png>]
<Images//2021-12-05-18-56-31.png, id=400, 818.30719pt x 428.35031pt>
File: Images//2021-12-05-18-56-31.png Graphic file (type png)
<use Images//2021-12-05-18-56-31.png>
Package pdftex.def Info: Images//2021-12-05-18-56-31.png  used on input line 1756.
(pdftex.def)             Requested size: 409.15259pt x 214.17462pt.
 [64]
<Images//2021-12-05-19-01-56.png, id=404, 409.53pt x 242.40562pt>
File: Images//2021-12-05-19-01-56.png Graphic file (type png)
<use Images//2021-12-05-19-01-56.png>
Package pdftex.def Info: Images//2021-12-05-19-01-56.png  used on input line 1760.
(pdftex.def)             Requested size: 245.7199pt x 145.44447pt.
<Images//2021-12-05-19-03-04.png, id=405, 400.49625pt x 272.51813pt>
File: Images//2021-12-05-19-03-04.png Graphic file (type png)
<use Images//2021-12-05-19-03-04.png>
Package pdftex.def Info: Images//2021-12-05-19-03-04.png  used on input line 1764.
(pdftex.def)             Requested size: 240.29959pt x 163.51213pt.

Underfull \hbox (badness 10000) in paragraph at lines 1769--1771

 []

[65 <./Images//2021-12-05-18-56-31.png> <./Images//2021-12-05-19-01-56.png> <./Images//2021-12-05-19-03-04.png>]
Underfull \hbox (badness 10000) in paragraph at lines 1771--1772

 []

<Images//2021-12-06-10-26-26.png, id=409, 441.14813pt x 320.69812pt>
File: Images//2021-12-06-10-26-26.png Graphic file (type png)
<use Images//2021-12-06-10-26-26.png>
Package pdftex.def Info: Images//2021-12-06-10-26-26.png  used on input line 1773.
(pdftex.def)             Requested size: 176.45612pt x 128.27696pt.
<Images//2021-12-06-10-31-01.png, id=410, 462.22687pt x 277.78781pt>
File: Images//2021-12-06-10-31-01.png Graphic file (type png)
<use Images//2021-12-06-10-31-01.png>
Package pdftex.def Info: Images//2021-12-06-10-31-01.png  used on input line 1777.
(pdftex.def)             Requested size: 231.11287pt x 138.89355pt.
[66 <./Images//2021-12-06-10-26-26.png> <./Images//2021-12-06-10-31-01.png>]
<Images//2021-12-06-10-46-11.png, id=415, 453.19313pt x 264.99pt>
File: Images//2021-12-06-10-46-11.png Graphic file (type png)
<use Images//2021-12-06-10-46-11.png>
Package pdftex.def Info: Images//2021-12-06-10-46-11.png  used on input line 1788.
(pdftex.def)             Requested size: 226.59601pt x 132.49467pt.
<Images//2021-12-06-10-47-59.png, id=416, 403.5075pt x 246.1697pt>
File: Images//2021-12-06-10-47-59.png Graphic file (type png)
<use Images//2021-12-06-10-47-59.png>
Package pdftex.def Info: Images//2021-12-06-10-47-59.png  used on input line 1792.
(pdftex.def)             Requested size: 242.10637pt x 147.70294pt.

Underfull \hbox (badness 10000) in paragraph at lines 1794--1795

 []

[67 <./Images//2021-12-06-10-46-11.png> <./Images//2021-12-06-10-47-59.png>]
Underfull \hbox (badness 10000) in paragraph at lines 1819--1820

 []

<Images//2021-12-07-14-30-09.png, id=421, 411.78844pt x 268.00125pt>
File: Images//2021-12-07-14-30-09.png Graphic file (type png)
<use Images//2021-12-07-14-30-09.png>
Package pdftex.def Info: Images//2021-12-07-14-30-09.png  used on input line 1821.
(pdftex.def)             Requested size: 247.07495pt x 160.80197pt.
[68 <./Images//2021-12-07-14-30-09.png>] (main.aux) ) 
Here is how much of TeX's memory you used:
 18516 strings out of 478699
 372120 string characters out of 2856818
 649581 words of memory out of 3000000
 36154 multiletter control sequences out of 15000+600000
 422102 words of font info for 70 fonts, out of 8000000 for 9000
 1141 hyphenation exceptions out of 8191
 84i,12n,89p,923b,421s stack positions out of 5000i,500n,10000p,200000b,80000s
 <C:\Users\loryb\AppData\Local\MiKTeX\fonts/pk/ljfour/jknappen/ec/dpi600\ecti0700.pk> <C:\Users\loryb\AppData\Local\MiKTeX\fonts/pk/ljfour/jknappen/ec/dpi600\ecbi1000.pk> <C:\Users\loryb\AppData\Local\MiKTeX\fonts/pk/ljfour/jknappen/ec/dpi600\ecrm0800.pk> <C:\Users\loryb\AppData\Local\MiKTeX\fonts/pk/ljfour/jknappen/ec/dpi600\ecrm0600.pk> <C:\Users\loryb\AppData\Local\MiKTeX\fonts/pk/ljfour/jknappen/ec/dpi600\ecrm0700.pk> <C:\Users\loryb\AppData\Local\MiKTeX\fonts/pk/ljfour/jknappen/ec/dpi600\ecti1000.pk> <C:\Users\loryb\AppData\Local\MiKTeX\fonts/pk/ljfour/jknappen/ec/dpi600\tcrm1000.pk> <C:\Users\loryb\AppData\Local\MiKTeX\fonts/pk/ljfour/jknappen/ec/dpi600\ecbx2074.pk> <C:\Users\loryb\AppData\Local\MiKTeX\fonts/pk/ljfour/jknappen/ec/dpi600\ecrm1000.pk> <C:\Users\loryb\AppData\Local\MiKTeX\fonts/pk/ljfour/jknappen/ec/dpi600\ecbx1000.pk> <C:\Users\loryb\AppData\Local\MiKTeX\fonts/pk/ljfour/jknappen/ec/dpi600\ecbx1200.pk> <C:\Users\loryb\AppData\Local\MiKTeX\fonts/pk/ljfour/jknappen/ec/dpi600\ecbx1440.pk> <C:\Users\loryb\AppData\Local\MiKTeX\fonts/pk/ljfour/jknappen/ec/dpi600\ecrm1200.pk> <C:\Users\loryb\AppData\Local\MiKTeX\fonts/pk/ljfour/jknappen/ec/dpi600\ecrm1728.pk><C:/Program Files/MiKTeX/fonts/type1/public/amsfonts/cm/cmex10.pfb><C:/Program Files/MiKTeX/fonts/type1/public/amsfonts/cm/cmmi10.pfb><C:/Program Files/MiKTeX/fonts/type1/public/amsfonts/cm/cmmi5.pfb><C:/Program Files/MiKTeX/fonts/type1/public/amsfonts/cm/cmmi7.pfb><C:/Program Files/MiKTeX/fonts/type1/public/amsfonts/cm/cmr10.pfb><C:/Program Files/MiKTeX/fonts/type1/public/amsfonts/cm/cmr5.pfb><C:/Program Files/MiKTeX/fonts/type1/public/amsfonts/cm/cmr7.pfb><C:/Program Files/MiKTeX/fonts/type1/public/amsfonts/cm/cmsy10.pfb><C:/Program Files/MiKTeX/fonts/type1/public/amsfonts/cm/cmsy7.pfb>
Output written on main.pdf (68 pages, 5065818 bytes).
PDF statistics:
 971 PDF objects out of 1000 (max. 8388607)
 0 named destinations out of 1000 (max. 500000)
 551 words of extra memory for PDF output out of 10000 (max. 10000000)

