This is pdfTeX, Version 3.141592653-2.6-1.40.23 (MiKTeX 21.10) (preloaded format=pdflatex 2021.11.21)  7 DEC 2021 00:52
entering extended mode
**"c:/Users/loryb/Desktop/AutIng/Secondo Anno/Teoria Dei Giochi/Appunti/Teoria dei Giochi/main.tex"
(c:/Users/loryb/Desktop/AutIng/Secondo Anno/Teoria Dei Giochi/Appunti/Teoria dei Giochi/main.tex
LaTeX2e <2021-11-15>
L3 programming layer <2021-11-12> (C:\Program Files\MiKTeX\tex/latex/base\article.cls
Document Class: article 2021/10/04 v1.4n Standard LaTeX document class
(C:\Program Files\MiKTeX\tex/latex/base\size10.clo
File: size10.clo 2021/10/04 v1.4n Standard LaTeX file (size option)
)
\c@part=\count183
\c@section=\count184
\c@subsection=\count185
\c@subsubsection=\count186
\c@paragraph=\count187
\c@subparagraph=\count188
\c@figure=\count189
\c@table=\count190
\abovecaptionskip=\skip47
\belowcaptionskip=\skip48
\bibindent=\dimen138
) (C:\Program Files\MiKTeX\tex/latex/base\inputenc.sty
Package: inputenc 2021/02/14 v1.3d Input encoding file
\inpenc@prehook=\toks16
\inpenc@posthook=\toks17
) (C:\Program Files\MiKTeX\tex/generic/babel\babel.sty
Package: babel 2021/11/08 3.66 The Babel package
\babel@savecnt=\count191
\U@D=\dimen139
\l@unhyphenated=\language79
 (C:\Program Files\MiKTeX\tex/generic/babel\txtbabel.def)
\bbl@readstream=\read2
\bbl@dirlevel=\count192

*************************************
* Local config file bblopts.cfg used
*
(C:\Program Files\MiKTeX\tex/latex/arabi\bblopts.cfg
File: bblopts.cfg 2005/09/08 v0.1 add Arabic and Farsi to "declared" options of babel
) (C:\Program Files\MiKTeX\tex/latex/babel-english\english.ldf
Language: english 2017/06/06 v3.3r English support from the babel system
Package babel Info: Hyphen rules for 'canadian' set to \l@english
(babel)             (\language0). Reported on input line 102.
Package babel Info: Hyphen rules for 'australian' set to \l@ukenglish
(babel)             (\language73). Reported on input line 105.
Package babel Info: Hyphen rules for 'newzealand' set to \l@ukenglish
(babel)             (\language73). Reported on input line 108.
)) (C:\Program Files\MiKTeX\tex/latex/amscls\amsthm.sty
Package: amsthm 2020/05/29 v2.20.6
\thm@style=\toks18
\thm@bodyfont=\toks19
\thm@headfont=\toks20
\thm@notefont=\toks21
\thm@headpunct=\toks22
\thm@preskip=\skip49
\thm@postskip=\skip50
\thm@headsep=\skip51
\dth@everypar=\toks23
) (C:\Program Files\MiKTeX\tex/latex/graphics\graphicx.sty
Package: graphicx 2021/09/16 v1.2d Enhanced LaTeX Graphics (DPC,SPQR)
 (C:\Program Files\MiKTeX\tex/latex/graphics\keyval.sty
Package: keyval 2014/10/28 v1.15 key=value parser (DPC)
\KV@toks@=\toks24
) (C:\Program Files\MiKTeX\tex/latex/graphics\graphics.sty
Package: graphics 2021/03/04 v1.4d Standard LaTeX Graphics (DPC,SPQR)
 (C:\Program Files\MiKTeX\tex/latex/graphics\trig.sty
Package: trig 2021/08/11 v1.11 sin cos tan (DPC)
) (C:\Program Files\MiKTeX\tex/latex/graphics-cfg\graphics.cfg
File: graphics.cfg 2016/06/04 v1.11 sample graphics configuration
)
Package graphics Info: Driver file: pdftex.def on input line 107.
 (C:\Program Files\MiKTeX\tex/latex/graphics-def\pdftex.def
File: pdftex.def 2020/10/05 v1.2a Graphics/color driver for pdftex
))
\Gin@req@height=\dimen140
\Gin@req@width=\dimen141
) (C:\Program Files\MiKTeX\tex/latex/amsfonts\amssymb.sty
Package: amssymb 2013/01/14 v3.01 AMS font symbols
 (C:\Program Files\MiKTeX\tex/latex/amsfonts\amsfonts.sty
Package: amsfonts 2013/01/14 v3.01 Basic AMSFonts support
\@emptytoks=\toks25
\symAMSa=\mathgroup4
\symAMSb=\mathgroup5
LaTeX Font Info:    Redeclaring math symbol \hbar on input line 98.
LaTeX Font Info:    Overwriting math alphabet `\mathfrak' in version `bold'
(Font)                  U/euf/m/n --> U/euf/b/n on input line 106.
)) (C:\Program Files\MiKTeX\tex/latex/amsmath\amsmath.sty
Package: amsmath 2021/10/15 v2.17l AMS math features
\@mathmargin=\skip52

For additional information on amsmath, use the `?' option.
(C:\Program Files\MiKTeX\tex/latex/amsmath\amstext.sty
Package: amstext 2021/08/26 v2.01 AMS text
 (C:\Program Files\MiKTeX\tex/latex/amsmath\amsgen.sty
File: amsgen.sty 1999/11/30 v2.0 generic functions
\@emptytoks=\toks26
\ex@=\dimen142
)) (C:\Program Files\MiKTeX\tex/latex/amsmath\amsbsy.sty
Package: amsbsy 1999/11/29 v1.2d Bold Symbols
\pmbraise@=\dimen143
) (C:\Program Files\MiKTeX\tex/latex/amsmath\amsopn.sty
Package: amsopn 2021/08/26 v2.02 operator names
)
\inf@bad=\count193
LaTeX Info: Redefining \frac on input line 234.
\uproot@=\count194
\leftroot@=\count195
LaTeX Info: Redefining \overline on input line 399.
\classnum@=\count196
\DOTSCASE@=\count197
LaTeX Info: Redefining \ldots on input line 496.
LaTeX Info: Redefining \dots on input line 499.
LaTeX Info: Redefining \cdots on input line 620.
\Mathstrutbox@=\box50
\strutbox@=\box51
\big@size=\dimen144
LaTeX Font Info:    Redeclaring font encoding OML on input line 743.
LaTeX Font Info:    Redeclaring font encoding OMS on input line 744.
\macc@depth=\count198
\c@MaxMatrixCols=\count199
\dotsspace@=\muskip16
\c@parentequation=\count266
\dspbrk@lvl=\count267
\tag@help=\toks27
\row@=\count268
\column@=\count269
\maxfields@=\count270
\andhelp@=\toks28
\eqnshift@=\dimen145
\alignsep@=\dimen146
\tagshift@=\dimen147
\tagwidth@=\dimen148
\totwidth@=\dimen149
\lineht@=\dimen150
\@envbody=\toks29
\multlinegap=\skip53
\multlinetaggap=\skip54
\mathdisplay@stack=\toks30
LaTeX Info: Redefining \[ on input line 2938.
LaTeX Info: Redefining \] on input line 2939.
)
\c@definition=\count271
 (C:\Program Files\MiKTeX\tex/latex/blindtext\blindtext.sty
Package: blindtext 2012/01/06 V2.0 blindtext-Package
 (C:\Program Files\MiKTeX\tex/latex/tools\xspace.sty
Package: xspace 2014/10/28 v1.13 Space after command names (DPC,MH)
)
\c@blindtext=\count272
\c@Blindtext=\count273
\c@blind@countparstart=\count274
\blind@countxx=\count275
\blindtext@numBlindtext=\count276
\blind@countyy=\count277
\c@blindlist=\count278
\c@blindlistlevel=\count279
\c@blindlist@level=\count280
\blind@listitem=\count281
\c@blind@listcount=\count282
\c@blind@levelcount=\count283
\blind@mathformula=\count284
\blind@Mathformula=\count285
\c@blind@randomcount=\count286
\c@blind@randommax=\count287
\c@blind@pangramcount=\count288
\c@blind@pangrammax=\count289
) (C:\Program Files\MiKTeX\tex/latex/geometry\geometry.sty
Package: geometry 2020/01/02 v5.9 Page Geometry
 (C:\Program Files\MiKTeX\tex/generic/iftex\ifvtex.sty
Package: ifvtex 2019/10/25 v1.7 ifvtex legacy package. Use iftex instead.
 (C:\Program Files\MiKTeX\tex/generic/iftex\iftex.sty
Package: iftex 2020/03/06 v1.0d TeX engine tests
))
\Gm@cnth=\count290
\Gm@cntv=\count291
\c@Gm@tempcnt=\count292
\Gm@bindingoffset=\dimen151
\Gm@wd@mp=\dimen152
\Gm@odd@mp=\dimen153
\Gm@even@mp=\dimen154
\Gm@layoutwidth=\dimen155
\Gm@layoutheight=\dimen156
\Gm@layouthoffset=\dimen157
\Gm@layoutvoffset=\dimen158
\Gm@dimlist=\toks31
 (C:\Program Files\MiKTeX\tex/latex/geometry\geometry.cfg)) (C:\Program Files\MiKTeX\tex/latex/tools\tabularx.sty
Package: tabularx 2020/01/15 v2.11c `tabularx' package (DPC)
 (C:\Program Files\MiKTeX\tex/latex/tools\array.sty
Package: array 2021/10/04 v2.5f Tabular extension package (FMi)
\col@sep=\dimen159
\ar@mcellbox=\box52
\extrarowheight=\dimen160
\NC@list=\toks32
\extratabsurround=\skip55
\backup@length=\skip56
\ar@cellbox=\box53
)
\TX@col@width=\dimen161
\TX@old@table=\dimen162
\TX@old@col=\dimen163
\TX@target=\dimen164
\TX@delta=\dimen165
\TX@cols=\count293
\TX@ftn=\toks33
) (C:\Program Files\MiKTeX\tex/latex/l3backend\l3backend-pdftex.def
File: l3backend-pdftex.def 2021-10-18 L3 backend support: PDF output (pdfTeX)
\l__color_backend_stack_int=\count294
\l__pdf_internal_box=\box54
) (main.aux)
\openout1 = `main.aux'.

LaTeX Font Info:    Checking defaults for OML/cmm/m/it on input line 23.
LaTeX Font Info:    ... okay on input line 23.
LaTeX Font Info:    Checking defaults for OMS/cmsy/m/n on input line 23.
LaTeX Font Info:    ... okay on input line 23.
LaTeX Font Info:    Checking defaults for OT1/cmr/m/n on input line 23.
LaTeX Font Info:    ... okay on input line 23.
LaTeX Font Info:    Checking defaults for T1/cmr/m/n on input line 23.
LaTeX Font Info:    ... okay on input line 23.
LaTeX Font Info:    Checking defaults for TS1/cmr/m/n on input line 23.
LaTeX Font Info:    ... okay on input line 23.
LaTeX Font Info:    Checking defaults for OMX/cmex/m/n on input line 23.
LaTeX Font Info:    ... okay on input line 23.
LaTeX Font Info:    Checking defaults for U/cmr/m/n on input line 23.
LaTeX Font Info:    ... okay on input line 23.
 (C:\Program Files\MiKTeX\tex/context/base/mkii\supp-pdf.mkii
[Loading MPS to PDF converter (version 2006.09.02).]
\scratchcounter=\count295
\scratchdimen=\dimen166
\scratchbox=\box55
\nofMPsegments=\count296
\nofMParguments=\count297
\everyMPshowfont=\toks34
\MPscratchCnt=\count298
\MPscratchDim=\dimen167
\MPnumerator=\count299
\makeMPintoPDFobject=\count300
\everyMPtoPDFconversion=\toks35
) (C:\Program Files\MiKTeX\tex/latex/epstopdf-pkg\epstopdf-base.sty
Package: epstopdf-base 2020-01-24 v2.11 Base part for package epstopdf
Package epstopdf-base Info: Redefining graphics rule for `.eps' on input line 485.
 (C:\Program Files\MiKTeX\tex/latex/00miktex\epstopdf-sys.cfg
File: epstopdf-sys.cfg 2021/03/18 v2.0 Configuration of epstopdf for MiKTeX
))
*geometry* driver: auto-detecting
*geometry* detected driver: pdftex
*geometry* verbose mode - [ preamble ] result:
* driver: pdftex
* paper: a4paper
* layout: <same size as paper>
* layoutoffset:(h,v)=(0.0pt,0.0pt)
* modes: 
* h-part:(L,W,R)=(28.45274pt, 540.60236pt, 28.45277pt)
* v-part:(T,H,B)=(28.45274pt, 796.67715pt, 19.91695pt)
* \paperwidth=597.50787pt
* \paperheight=845.04684pt
* \textwidth=540.60236pt
* \textheight=796.67715pt
* \oddsidemargin=-43.81725pt
* \evensidemargin=-43.81725pt
* \topmargin=-80.81725pt
* \headheight=12.0pt
* \headsep=25.0pt
* \topskip=10.0pt
* \footskip=30.0pt
* \marginparwidth=65.0pt
* \marginparsep=11.0pt
* \columnsep=10.0pt
* \skip\footins=9.0pt plus 4.0pt minus 2.0pt
* \hoffset=0.0pt
* \voffset=0.0pt
* \mag=1000
* \@twocolumnfalse
* \@twosidefalse
* \@mparswitchfalse
* \@reversemarginfalse
* (1in=72.27pt=25.4mm, 1cm=28.453pt)

LaTeX Font Info:    Trying to load font information for U+msa on input line 26.
(C:\Program Files\MiKTeX\tex/latex/amsfonts\umsa.fd
File: umsa.fd 2013/01/14 v3.01 AMS symbols A
)
LaTeX Font Info:    Trying to load font information for U+msb on input line 26.
 (C:\Program Files\MiKTeX\tex/latex/amsfonts\umsb.fd
File: umsb.fd 2013/01/14 v3.01 AMS symbols B
)
Overfull \hbox (19.1735pt too wide) in paragraph at lines 48--49
[]\OT1/cmr/bx/n/10 Strategia Con-ser-va-tiva\OT1/cmr/m/n/10 : Una strate-gia e detta min-i-max/conservativa per il gio-ca-tore i se risulta:$[](\OML/cmm/m/it/10 x[]\OT1/cmr/m/n/10 ) = \OML/cmm/m/it/10 min[]C[]\OT1/cmr/m/n/10 (\OML/cmm/m/it/10 x[]\OT1/cmr/m/n/10 )$.
 []

<./images//image100.png, id=1, 480.29437pt x 265.74281pt>
File: ./images//image100.png Graphic file (type png)
<use ./images//image100.png>
Package pdftex.def Info: ./images//image100.png  used on input line 59.
(pdftex.def)             Requested size: 336.20375pt x 186.01869pt.
[1

{C:/Users/loryb/AppData/Local/MiKTeX/pdftex/config/pdftex.map}]
<images/image99.png, id=18, 348.55219pt x 57.21375pt>
File: images/image99.png Graphic file (type png)
<use images/image99.png>
Package pdftex.def Info: images/image99.png  used on input line 69.
(pdftex.def)             Requested size: 209.1329pt x 34.32849pt.
<images/image98.png, id=19, 261.97874pt x 85.82062pt>
File: images/image98.png Graphic file (type png)
<use images/image98.png>
Package pdftex.def Info: images/image98.png  used on input line 74.
(pdftex.def)             Requested size: 157.18845pt x 51.49275pt.
<images/image97.png, id=20, 257.46187pt x 85.82062pt>
File: images/image97.png Graphic file (type png)
<use images/image97.png>
Package pdftex.def Info: images/image97.png  used on input line 77.
(pdftex.def)             Requested size: 154.4783pt x 51.49275pt.
 [2 <./images//image100.png> <./images/image99.png> <./images/image98.png> <./images/image97.png>]
<images/image96.png, id=28, 334.24875pt x 39.89906pt>
File: images/image96.png Graphic file (type png)
<use images/image96.png>
Package pdftex.def Info: images/image96.png  used on input line 101.
(pdftex.def)             Requested size: 200.55078pt x 23.9396pt.
<images/image95.png, id=29, 468.24937pt x 61.73062pt>
File: images/image95.png Graphic file (type png)
<use images/image95.png>
Package pdftex.def Info: images/image95.png  used on input line 104.
(pdftex.def)             Requested size: 280.95178pt x 37.03864pt.

Underfull \hbox (badness 10000) in paragraph at lines 119--120

 []

[3 <./images/image96.png> <./images/image95.png>]
<images/image94.png, id=38, 470.50781pt x 356.0803pt>
File: images/image94.png Graphic file (type png)
<use images/image94.png>
Package pdftex.def Info: images/image94.png  used on input line 137.
(pdftex.def)             Requested size: 329.35321pt x 249.25452pt.
 [4 <./images/image94.png>] [5]
Underfull \hbox (badness 10000) in paragraph at lines 214--215

 []

<./images//2021-11-29-14-12-59.png, id=46, 1036.62282pt x 217.5628pt>
File: ./images//2021-11-29-14-12-59.png Graphic file (type png)
<use ./images//2021-11-29-14-12-59.png>
Package pdftex.def Info: ./images//2021-11-29-14-12-59.png  used on input line 216.
(pdftex.def)             Requested size: 518.31015pt x 108.78113pt.

Underfull \hbox (badness 10000) in paragraph at lines 218--219

 []

<./images//2021-11-29-15-21-57.png, id=48, 1031.35312pt x 298.11375pt>
File: ./images//2021-11-29-15-21-57.png Graphic file (type png)
<use ./images//2021-11-29-15-21-57.png>
Package pdftex.def Info: ./images//2021-11-29-15-21-57.png  used on input line 261.
(pdftex.def)             Requested size: 515.6753pt x 149.0565pt.

Underfull \hbox (badness 10000) in paragraph at lines 263--265

 []

[6 <./images//2021-11-29-14-12-59.png> <./images//2021-11-29-15-21-57.png>]
<./images//2021-11-29-17-42-12.png, id=56, 1034.36438pt x 279.29344pt>
File: ./images//2021-11-29-17-42-12.png Graphic file (type png)
<use ./images//2021-11-29-17-42-12.png>
Package pdftex.def Info: ./images//2021-11-29-17-42-12.png  used on input line 278.
(pdftex.def)             Requested size: 517.18092pt x 139.64638pt.
<./images//2021-11-29-15-56-03.png, id=57, 1023.07219pt x 109.91063pt>
File: ./images//2021-11-29-15-56-03.png Graphic file (type png)
<use ./images//2021-11-29-15-56-03.png>
Package pdftex.def Info: ./images//2021-11-29-15-56-03.png  used on input line 284.
(pdftex.def)             Requested size: 511.53485pt x 54.95517pt.
<./images//2021-11-29-16-25-30.png, id=58, 1026.83624pt x 135.50626pt>
File: ./images//2021-11-29-16-25-30.png Graphic file (type png)
<use ./images//2021-11-29-16-25-30.png>
Package pdftex.def Info: ./images//2021-11-29-16-25-30.png  used on input line 324.
(pdftex.def)             Requested size: 513.41687pt x 67.75294pt.
 [7 <./images//2021-11-29-17-42-12.png> <./images//2021-11-29-15-56-03.png>]
<./images//2021-11-29-18-54-48.png, id=63, 1003.49907pt x 391.4625pt>
File: ./images//2021-11-29-18-54-48.png Graphic file (type png)
<use ./images//2021-11-29-18-54-48.png>
Package pdftex.def Info: ./images//2021-11-29-18-54-48.png  used on input line 355.
(pdftex.def)             Requested size: 501.7483pt x 195.73076pt.
<./images//2021-11-29-17-15-23.png, id=64, 1034.36438pt x 137.7647pt>
File: ./images//2021-11-29-17-15-23.png Graphic file (type png)
<use ./images//2021-11-29-17-15-23.png>
Package pdftex.def Info: ./images//2021-11-29-17-15-23.png  used on input line 361.
(pdftex.def)             Requested size: 517.18092pt x 68.88217pt.
 [8 <./images//2021-11-29-17-15-23.png> <./images//2021-11-29-16-25-30.png> <./images//2021-11-29-18-54-48.png>]
Underfull \hbox (badness 10000) in paragraph at lines 393--396

 []

<./images//2021-11-30-18-54-23.png, id=71, 803.25093pt x 171.64125pt>
File: ./images//2021-11-30-18-54-23.png Graphic file (type png)
<use ./images//2021-11-30-18-54-23.png>
Package pdftex.def Info: ./images//2021-11-30-18-54-23.png  used on input line 397.
(pdftex.def)             Requested size: 401.62448pt x 85.8204pt.
<./images//2021-11-30-18-55-04.png, id=72, 792.71156pt x 155.07938pt>
File: ./images//2021-11-30-18-55-04.png Graphic file (type png)
<use ./images//2021-11-30-18-55-04.png>
Package pdftex.def Info: ./images//2021-11-30-18-55-04.png  used on input line 400.
(pdftex.def)             Requested size: 396.35481pt x 77.53949pt.
<./images//2021-11-30-18-41-08.png, id=73, 800.9925pt x 310.91156pt>
File: ./images//2021-11-30-18-41-08.png Graphic file (type png)
<use ./images//2021-11-30-18-41-08.png>
Package pdftex.def Info: ./images//2021-11-30-18-41-08.png  used on input line 403.
(pdftex.def)             Requested size: 400.49527pt x 155.45538pt.
<./images//2021-11-30-18-42-09.png, id=74, 788.9475pt x 581.92406pt>
File: ./images//2021-11-30-18-42-09.png Graphic file (type png)
<use ./images//2021-11-30-18-42-09.png>
Package pdftex.def Info: ./images//2021-11-30-18-42-09.png  used on input line 406.
(pdftex.def)             Requested size: 394.47278pt x 290.96132pt.
[9 <./images//2021-11-30-18-54-23.png> <./images//2021-11-30-18-55-04.png> <./images//2021-11-30-18-41-08.png>]
<./images//2021-11-30-18-51-42.png, id=78, 794.97pt x 71.51718pt>
File: ./images//2021-11-30-18-51-42.png Graphic file (type png)
<use ./images//2021-11-30-18-51-42.png>
Package pdftex.def Info: ./images//2021-11-30-18-51-42.png  used on input line 409.
(pdftex.def)             Requested size: 397.48402pt x 35.7585pt.
<./images//2021-11-30-18-52-39.png, id=79, 797.22844pt x 155.07938pt>
File: ./images//2021-11-30-18-52-39.png Graphic file (type png)
<use ./images//2021-11-30-18-52-39.png>
Package pdftex.def Info: ./images//2021-11-30-18-52-39.png  used on input line 412.
(pdftex.def)             Requested size: 398.61325pt x 77.53949pt.

Overfull \hbox (24.1759pt too wide) in paragraph at lines 438--518
 [] 
 []

[10 <./images//2021-11-30-18-42-09.png> <./images//2021-11-30-18-51-42.png> <./images//2021-11-30-18-52-39.png>] [11]
<./images//2021-11-30-17-39-45.png, id=86, 1004.25188pt x 448.67625pt>
File: ./images//2021-11-30-17-39-45.png Graphic file (type png)
<use ./images//2021-11-30-17-39-45.png>
Package pdftex.def Info: ./images//2021-11-30-17-39-45.png  used on input line 538.
(pdftex.def)             Requested size: 351.49342pt x 157.03903pt.
<./images//2021-11-30-17-44-31.png, id=87, 1005.7575pt x 411.03563pt>
File: ./images//2021-11-30-17-44-31.png Graphic file (type png)
<use ./images//2021-11-30-17-44-31.png>
Package pdftex.def Info: ./images//2021-11-30-17-44-31.png  used on input line 541.
(pdftex.def)             Requested size: 352.0204pt x 143.86462pt.
<./images//2021-11-30-17-45-23.png, id=88, 660.96938pt x 512.66531pt>
File: ./images//2021-11-30-17-45-23.png Graphic file (type png)
<use ./images//2021-11-30-17-45-23.png>
Package pdftex.def Info: ./images//2021-11-30-17-45-23.png  used on input line 544.
(pdftex.def)             Requested size: 363.53427pt x 281.96678pt.
<./images//2021-11-30-17-45-45.png, id=89, 786.68906pt x 330.48468pt>
File: ./images//2021-11-30-17-45-45.png Graphic file (type png)
<use ./images//2021-11-30-17-45-45.png>
Package pdftex.def Info: ./images//2021-11-30-17-45-45.png  used on input line 547.
(pdftex.def)             Requested size: 432.68031pt x 181.76714pt.
 [12 <./images//2021-11-30-17-39-45.png> <./images//2021-11-30-17-44-31.png> <./images//2021-11-30-17-45-23.png>]
<./images//2021-11-30-17-46-14.png, id=93, 793.46437pt x 295.85532pt>
File: ./images//2021-11-30-17-46-14.png Graphic file (type png)
<use ./images//2021-11-30-17-46-14.png>
Package pdftex.def Info: ./images//2021-11-30-17-46-14.png  used on input line 550.
(pdftex.def)             Requested size: 436.40675pt x 162.72092pt.
<./images//Image0001.JPG, id=94, 613.45184pt x 809.78535pt>
File: ./images//Image0001.JPG Graphic file (type jpg)
<use ./images//Image0001.JPG>
Package pdftex.def Info: ./images//Image0001.JPG  used on input line 554.
(pdftex.def)             Requested size: 276.05078pt x 364.40004pt.
<./images//Image0002.JPG, id=95, 597.49222pt x 845.01697pt>
File: ./images//Image0002.JPG Graphic file (type jpg)
<use ./images//Image0002.JPG>
Package pdftex.def Info: ./images//Image0002.JPG  used on input line 555.
(pdftex.def)             Requested size: 268.869pt x 380.25412pt.
<./images//Image0003.JPG, id=96, 597.49222pt x 845.01697pt>
File: ./images//Image0003.JPG Graphic file (type jpg)
<use ./images//Image0003.JPG>
Package pdftex.def Info: ./images//Image0003.JPG  used on input line 558.
(pdftex.def)             Requested size: 268.869pt x 380.25412pt.
<./images//Image0004.JPG, id=97, 597.49222pt x 845.01697pt>
File: ./images//Image0004.JPG Graphic file (type jpg)
<use ./images//Image0004.JPG>
Package pdftex.def Info: ./images//Image0004.JPG  used on input line 559.
(pdftex.def)             Requested size: 268.869pt x 380.25412pt.
<./images//Image0005.JPG, id=98, 597.49222pt x 845.01697pt>
File: ./images//Image0005.JPG Graphic file (type jpg)
<use ./images//Image0005.JPG>
Package pdftex.def Info: ./images//Image0005.JPG  used on input line 562.
(pdftex.def)             Requested size: 268.869pt x 380.25412pt.
<./images//Image0006.JPG, id=99, 597.49222pt x 845.01697pt>
File: ./images//Image0006.JPG Graphic file (type jpg)
<use ./images//Image0006.JPG>
Package pdftex.def Info: ./images//Image0006.JPG  used on input line 563.
(pdftex.def)             Requested size: 268.869pt x 380.25412pt.
<./images//Image0007.JPG, id=100, 597.49222pt x 845.01697pt>
File: ./images//Image0007.JPG Graphic file (type jpg)
<use ./images//Image0007.JPG>
Package pdftex.def Info: ./images//Image0007.JPG  used on input line 566.
(pdftex.def)             Requested size: 268.869pt x 380.25412pt.
<./images//Image0008.JPG, id=101, 597.49222pt x 845.01697pt>
File: ./images//Image0008.JPG Graphic file (type jpg)
<use ./images//Image0008.JPG>
Package pdftex.def Info: ./images//Image0008.JPG  used on input line 567.
(pdftex.def)             Requested size: 268.869pt x 380.25412pt.
<./images//Image0009.JPG, id=102, 597.49222pt x 845.01697pt>
File: ./images//Image0009.JPG Graphic file (type jpg)
<use ./images//Image0009.JPG>
Package pdftex.def Info: ./images//Image0009.JPG  used on input line 570.
(pdftex.def)             Requested size: 268.869pt x 380.25412pt.
<./images//Image0010.JPG, id=103, 597.49222pt x 845.01697pt>
File: ./images//Image0010.JPG Graphic file (type jpg)
<use ./images//Image0010.JPG>
Package pdftex.def Info: ./images//Image0010.JPG  used on input line 571.
(pdftex.def)             Requested size: 268.869pt x 380.25412pt.
<./images//Image0011.JPG, id=104, 597.49222pt x 845.01697pt>
File: ./images//Image0011.JPG Graphic file (type jpg)
<use ./images//Image0011.JPG>
Package pdftex.def Info: ./images//Image0011.JPG  used on input line 574.
(pdftex.def)             Requested size: 268.869pt x 380.25412pt.
<./images//Image0012.JPG, id=105, 597.49222pt x 845.01697pt>
File: ./images//Image0012.JPG Graphic file (type jpg)
<use ./images//Image0012.JPG>
Package pdftex.def Info: ./images//Image0012.JPG  used on input line 575.
(pdftex.def)             Requested size: 268.869pt x 380.25412pt.

Overfull \hbox (28.31746pt too wide) in paragraph at lines 552--577
[]
 []


Overfull \hbox (21.13568pt too wide) in paragraph at lines 552--577
[]
 []


Overfull \hbox (21.13568pt too wide) in paragraph at lines 552--577
[]
 []


Overfull \hbox (21.13568pt too wide) in paragraph at lines 552--577
[]
 []


Overfull \hbox (21.13568pt too wide) in paragraph at lines 552--577
[]
 []


Overfull \hbox (21.13568pt too wide) in paragraph at lines 552--577
[] 
 []

[13 <./images//2021-11-30-17-45-45.png> <./images//2021-11-30-17-46-14.png> <./images//Image0001.JPG> <./images//Image0002.JPG>] [14 <./images//Image0003.JPG> <./images//Image0004.JPG> <./images//Image0005.JPG> <./images//Image0006.JPG>] [15 <./images//Image0007.JPG> <./images//Image0008.JPG> <./images//Image0009.JPG> <./images//Image0010.JPG>] [16 <./images//Image0011.JPG> <./images//Image0012.JPG>] (main.aux) ) 
Here is how much of TeX's memory you used:
 4744 strings out of 478699
 78267 string characters out of 2856818
 418007 words of memory out of 3000000
 22748 multiletter control sequences out of 15000+600000
 406737 words of font info for 40 fonts, out of 8000000 for 9000
 1141 hyphenation exceptions out of 8191
 55i,14n,62p,639b,374s stack positions out of 5000i,500n,10000p,200000b,80000s
 <C:\Users\loryb\AppData\Local\MiKTeX\fonts/pk/ljfour/jknappen/ec/dpi600\tcrm1000.pk><C:/Program Files/MiKTeX/fonts/type1/public/amsfonts/cm/cmbx10.pfb><C:/Program Files/MiKTeX/fonts/type1/public/amsfonts/cm/cmbx7.pfb><C:/Program Files/MiKTeX/fonts/type1/public/amsfonts/cm/cmex10.pfb><C:/Program Files/MiKTeX/fonts/type1/public/amsfonts/cmextra/cmex7.pfb><C:/Program Files/MiKTeX/fonts/type1/public/amsfonts/cm/cmmi10.pfb><C:/Program Files/MiKTeX/fonts/type1/public/amsfonts/cm/cmmi5.pfb><C:/Program Files/MiKTeX/fonts/type1/public/amsfonts/cm/cmmi7.pfb><C:/Program Files/MiKTeX/fonts/type1/public/amsfonts/cm/cmr10.pfb><C:/Program Files/MiKTeX/fonts/type1/public/amsfonts/cm/cmr5.pfb><C:/Program Files/MiKTeX/fonts/type1/public/amsfonts/cm/cmr7.pfb><C:/Program Files/MiKTeX/fonts/type1/public/amsfonts/cm/cmsy10.pfb><C:/Program Files/MiKTeX/fonts/type1/public/amsfonts/cm/cmsy5.pfb><C:/Program Files/MiKTeX/fonts/type1/public/amsfonts/cm/cmsy7.pfb><C:/Program Files/MiKTeX/fonts/type1/public/amsfonts/cm/cmti10.pfb><C:/Program Files/MiKTeX/fonts/type1/public/amsfonts/symbols/msbm10.pfb>
Output written on main.pdf (16 pages, 115577553 bytes).
PDF statistics:
 187 PDF objects out of 1000 (max. 8388607)
 0 named destinations out of 1000 (max. 500000)
 204 words of extra memory for PDF output out of 10000 (max. 10000000)

